============================= test session starts ==============================
platform linux -- Python 3.11.5, pytest-7.4.2, pluggy-1.3.0 -- /jet/home/ajmera/.conda/envs/CPET_ENV/bin/python
cachedir: .pytest_cache
rootdir: /jet/home/ajmera/programs/CPET-python
collecting ... collected 1 item

test_topology.py::Test_topos::test_topo_methods FAILED                   [100%]

=================================== FAILURES ===================================
_________________________ Test_topos.test_topo_methods _________________________

self = <test_topology.Test_topos object at 0x150cb2cdaf10>

    def test_topo_methods(self):
        topo_function_list = [
            #self.topo.compute_topo,
            #self.topo.compute_topo_complete_c_shared,
            #self.topo.compute_topo_base,  - what are we doing with this one?
            self.topo.compute_topo_GPU_batch_filter
        ]
    
        for topo_function in topo_function_list:
            print("----"*15)
            hist = topo_function()
>           self.topo_equality(hist)

test_topology.py:113: 
_ _ _ _ _ _ _ _ _ _ _ _ _ _ _ _ _ _ _ _ _ _ _ _ _ _ _ _ _ _ _ _ _ _ _ _ _ _ _ _ 
test_topology.py:97: in topo_equality
    np.testing.assert_allclose(
_ _ _ _ _ _ _ _ _ _ _ _ _ _ _ _ _ _ _ _ _ _ _ _ _ _ _ _ _ _ _ _ _ _ _ _ _ _ _ _ 

args = (<function assert_allclose.<locals>.compare at 0x150cb540f9c0>, array([[0.01999999, 0.18822273],
       [0.01999998, 0...8362, 0.38600557],
       [2.240747  , 1.23146692],
       [2.45156955, 0.65490201],
       [2.86918952, 0.6649329 ]]))
kwds = {'equal_nan': True, 'err_msg': '', 'header': 'Not equal to tolerance rtol=0.01, atol=0.01', 'verbose': True}

    @wraps(func)
    def inner(*args, **kwds):
        with self._recreate_cm():
>           return func(*args, **kwds)
E           AssertionError: 
E           Not equal to tolerance rtol=0.01, atol=0.01
E           
E           Mismatched elements: 301 / 432 (69.7%)
E           Max absolute difference: 1.88063221
E           Max relative difference: 4.43245515
E            x: array([[0.02    , 0.188223],
E                  [0.02    , 0.276599],
E                  [0.02    , 0.720462],...
E            y: array([[0.02    , 0.276599],
E                  [0.02    , 0.720462],
E                  [0.089993, 0.481435],...

../../../.conda/envs/CPET_ENV/lib/python3.11/contextlib.py:81: AssertionError
----------------------------- Captured stdout call -----------------------------
------------------------------------------------------------
... > Computing Topo in Batches on a GPU!
Number of samples: 216
Number of charges: 17391
Step size: 0.01
Final box point: tensor([[-1.0684, -0.8008, -1.5027],
        [-1.0681, -0.8005, -1.5127],
        [-1.0678, -0.8003, -1.5226]], device='cuda:0', dtype=torch.float64)
Final box point from dumped_values: tensor([[-1.0714, -1.0714, -1.0714],
        [-1.0735, -1.0619, -1.0736],
        [-1.0755, -1.0524, -1.0761],
        [-1.0684, -0.8008, -1.5027],
        [-1.0681, -0.8005, -1.5127],
        [-1.0678, -0.8003, -1.5226]], device='cuda:0', dtype=torch.float64)
Final box point: tensor([[-0.6696, -1.5033,  0.4383],
        [-0.6647, -1.5082,  0.4456],
        [-0.6599, -1.5130,  0.4529]], device='cuda:0', dtype=torch.float64)
Final box point from dumped_values: tensor([[-1.0714, -1.0714, -0.2143],
        [-1.0666, -1.0769, -0.2075],
        [-1.0617, -1.0823, -0.2006],
        [-0.6696, -1.5033,  0.4383],
        [-0.6647, -1.5082,  0.4456],
        [-0.6599, -1.5130,  0.4529]], device='cuda:0', dtype=torch.float64)
Final box point: tensor([[-0.6562, -1.5011,  0.7888],
        [-0.6510, -1.5055,  0.7960],
        [-0.6457, -1.5100,  0.8033]], device='cuda:0', dtype=torch.float64)
Final box point from dumped_values: tensor([[-1.0714, -1.0714,  0.2143],
        [-1.0668, -1.0774,  0.2209],
        [-1.0622, -1.0833,  0.2275],
        [-0.6562, -1.5011,  0.7888],
        [-0.6510, -1.5055,  0.7960],
        [-0.6457, -1.5100,  0.8033]], device='cuda:0', dtype=torch.float64)
Final box point: tensor([[-0.7202, -1.2036,  1.5065],
        [-0.7165, -1.2068,  1.5152],
        [-0.7128, -1.2100,  1.5239]], device='cuda:0', dtype=torch.float64)
Final box point from dumped_values: tensor([[-1.0714, -1.0714,  1.0714],
        [-1.0639, -1.0732,  1.0778],
        [-1.0564, -1.0749,  1.0842],
        [-0.7202, -1.2036,  1.5065],
        [-0.7165, -1.2068,  1.5152],
        [-0.7128, -1.2100,  1.5239]], device='cuda:0', dtype=torch.float64)
Final box point: tensor([[-0.4533, -1.2485,  1.5070],
        [-0.4516, -1.2523,  1.5161],
        [-0.4500, -1.2561,  1.5252]], device='cuda:0', dtype=torch.float64)
Final box point from dumped_values: tensor([[-0.6429, -1.0714,  1.0714],
        [-0.6377, -1.0747,  1.0793],
        [-0.6326, -1.0780,  1.0873],
        [-0.4533, -1.2485,  1.5070],
        [-0.4516, -1.2523,  1.5161],
        [-0.4500, -1.2561,  1.5252]], device='cuda:0', dtype=torch.float64)
Final box point: tensor([[-0.0961, -1.2618,  1.5037],
        [-0.0958, -1.2658,  1.5129],
        [-0.0956, -1.2698,  1.5221]], device='cuda:0', dtype=torch.float64)
Final box point from dumped_values: tensor([[-0.2143, -1.0714,  1.0714],
        [-0.2102, -1.0752,  1.0798],
        [-0.2062, -1.0789,  1.0881],
        [-0.0961, -1.2618,  1.5037],
        [-0.0958, -1.2658,  1.5129],
        [-0.0956, -1.2698,  1.5221]], device='cuda:0', dtype=torch.float64)
Final box point: tensor([[ 0.3188, -1.2727,  1.5020],
        [ 0.3188, -1.2768,  1.5112],
        [ 0.3187, -1.2809,  1.5203]], device='cuda:0', dtype=torch.float64)
Final box point from dumped_values: tensor([[ 0.2143, -1.0714,  1.0714],
        [ 0.2182, -1.0754,  1.0797],
        [ 0.2220, -1.0794,  1.0880],
        [ 0.3188, -1.2727,  1.5020],
        [ 0.3188, -1.2768,  1.5112],
        [ 0.3187, -1.2809,  1.5203]], device='cuda:0', dtype=torch.float64)
Final box point: tensor([[ 1.5034, -1.0190, -1.4805],
        [ 1.5115, -1.0178, -1.4863],
        [ 1.5195, -1.0166, -1.4921]], device='cuda:0', dtype=torch.float64)
Final box point from dumped_values: tensor([[ 0.6429, -1.0714, -1.0714],
        [ 0.6525, -1.0711, -1.0741],
        [ 0.6621, -1.0708, -1.0767],
        [ 1.5034, -1.0190, -1.4805],
        [ 1.5115, -1.0178, -1.4863],
        [ 1.5195, -1.0166, -1.4921]], device='cuda:0', dtype=torch.float64)
Final box point: tensor([[ 1.5028, -1.1528, -0.8665],
        [ 1.5115, -1.1541, -0.8713],
        [ 1.5202, -1.1554, -0.8761]], device='cuda:0', dtype=torch.float64)
Final box point from dumped_values: tensor([[ 0.6429, -1.0714, -0.6429],
        [ 0.6528, -1.0720, -0.6433],
        [ 0.6628, -1.0725, -0.6439],
        [ 1.5028, -1.1528, -0.8665],
        [ 1.5115, -1.1541, -0.8713],
        [ 1.5202, -1.1554, -0.8761]], device='cuda:0', dtype=torch.float64)
Final box point: tensor([[ 1.5083, -1.2947, -0.2027],
        [ 1.5175, -1.2978, -0.2047],
        [ 1.5267, -1.3010, -0.2069]], device='cuda:0', dtype=torch.float64)
Final box point from dumped_values: tensor([[ 0.6429, -1.0714, -0.2143],
        [ 0.6525, -1.0732, -0.2126],
        [ 0.6622, -1.0750, -0.2108],
        [ 1.5083, -1.2947, -0.2027],
        [ 1.5175, -1.2978, -0.2047],
        [ 1.5267, -1.3010, -0.2069]], device='cuda:0', dtype=torch.float64)
Final box point: tensor([[ 1.0971, -1.5014,  1.3387],
        [ 1.0987, -1.5061,  1.3474],
        [ 1.1002, -1.5107,  1.3561]], device='cuda:0', dtype=torch.float64)
Final box point from dumped_values: tensor([[ 0.6429, -1.0714,  0.6429],
        [ 0.6498, -1.0753,  0.6490],
        [ 0.6566, -1.0792,  0.6551],
        [ 1.0971, -1.5014,  1.3387],
        [ 1.0987, -1.5061,  1.3474],
        [ 1.1002, -1.5107,  1.3561]], device='cuda:0', dtype=torch.float64)
Final box point: tensor([[ 0.7674, -1.2952,  1.5083],
        [ 0.7676, -1.2995,  1.5173],
        [ 0.7678, -1.3037,  1.5264]], device='cuda:0', dtype=torch.float64)
Final box point from dumped_values: tensor([[ 0.6429, -1.0714,  1.0714],
        [ 0.6471, -1.0757,  1.0794],
        [ 0.6513, -1.0801,  1.0874],
        [ 0.7674, -1.2952,  1.5083],
        [ 0.7676, -1.2995,  1.5173],
        [ 0.7678, -1.3037,  1.5264]], device='cuda:0', dtype=torch.float64)
Final box point: tensor([[ 1.5011, -1.0612, -1.3046],
        [ 1.5093, -1.0607, -1.3103],
        [ 1.5175, -1.0603, -1.3160]], device='cuda:0', dtype=torch.float64)
Final box point from dumped_values: tensor([[ 1.0714, -1.0714, -1.0714],
        [ 1.0807, -1.0714, -1.0752],
        [ 1.0899, -1.0713, -1.0790],
        [ 1.5011, -1.0612, -1.3046],
        [ 1.5093, -1.0607, -1.3103],
        [ 1.5175, -1.0603, -1.3160]], device='cuda:0', dtype=torch.float64)
Final box point: tensor([[ 1.5002, -1.1243, -0.7971],
        [ 1.5089, -1.1257, -0.8017],
        [ 1.5177, -1.1271, -0.8063]], device='cuda:0', dtype=torch.float64)
Final box point from dumped_values: tensor([[ 1.0714, -1.0714, -0.6429],
        [ 1.0811, -1.0724, -0.6450],
        [ 1.0908, -1.0734, -0.6473],
        [ 1.5002, -1.1243, -0.7971],
        [ 1.5089, -1.1257, -0.8017],
        [ 1.5177, -1.1271, -0.8063]], device='cuda:0', dtype=torch.float64)
Final box point: tensor([[ 1.5027, -1.1832, -0.2688],
        [ 1.5120, -1.1861, -0.2712],
        [ 1.5212, -1.1889, -0.2738]], device='cuda:0', dtype=torch.float64)
Final box point from dumped_values: tensor([[ 1.0714, -1.0714, -0.2143],
        [ 1.0812, -1.0736, -0.2144],
        [ 1.0909, -1.0758, -0.2146],
        [ 1.5027, -1.1832, -0.2688],
        [ 1.5120, -1.1861, -0.2712],
        [ 1.5212, -1.1889, -0.2738]], device='cuda:0', dtype=torch.float64)
Final box point: tensor([[ 1.5040, -1.2634,  0.2884],
        [ 1.5128, -1.2681,  0.2889],
        [ 1.5216, -1.2729,  0.2894]], device='cuda:0', dtype=torch.float64)
Final box point from dumped_values: tensor([[ 1.0714, -1.0714,  0.2143],
        [ 1.0806, -1.0748,  0.2166],
        [ 1.0897, -1.0782,  0.2188],
        [ 1.5040, -1.2634,  0.2884],
        [ 1.5128, -1.2681,  0.2889],
        [ 1.5216, -1.2729,  0.2894]], device='cuda:0', dtype=torch.float64)
Final box point: tensor([[ 1.5043, -1.4457,  1.0379],
        [ 1.5086, -1.4520,  1.0444],
        [ 1.5128, -1.4582,  1.0510]], device='cuda:0', dtype=torch.float64)
Final box point from dumped_values: tensor([[ 1.0714, -1.0714,  0.6429],
        [ 1.0789, -1.0758,  0.6479],
        [ 1.0863, -1.0803,  0.6529],
        [ 1.5043, -1.4457,  1.0379],
        [ 1.5086, -1.4520,  1.0444],
        [ 1.5128, -1.4582,  1.0510]], device='cuda:0', dtype=torch.float64)
Final box point: tensor([[ 1.2225, -1.3261,  1.5061],
        [ 1.2232, -1.3306,  1.5150],
        [ 1.2239, -1.3351,  1.5239]], device='cuda:0', dtype=torch.float64)
Final box point from dumped_values: tensor([[ 1.0714, -1.0714,  1.0714],
        [ 1.0761, -1.0762,  1.0788],
        [ 1.0807, -1.0811,  1.0863],
        [ 1.2225, -1.3261,  1.5061],
        [ 1.2232, -1.3306,  1.5150],
        [ 1.2239, -1.3351,  1.5239]], device='cuda:0', dtype=torch.float64)
Final box point: tensor([[-0.8267, -0.5900, -1.5024],
        [-0.8226, -0.5892, -1.5115],
        [-0.8185, -0.5885, -1.5206]], device='cuda:0', dtype=torch.float64)
Final box point from dumped_values: tensor([[-1.0714, -0.6429, -1.0714],
        [-1.0654, -0.6431, -1.0794],
        [-1.0594, -0.6433, -1.0874],
        [-0.8267, -0.5900, -1.5024],
        [-0.8226, -0.5892, -1.5115],
        [-0.8185, -0.5885, -1.5206]], device='cuda:0', dtype=torch.float64)
Final box point: tensor([[-0.8339, -0.7328,  1.5017],
        [-0.8298, -0.7352,  1.5105],
        [-0.8258, -0.7377,  1.5194]], device='cuda:0', dtype=torch.float64)
Final box point from dumped_values: tensor([[-1.0714, -0.6429,  1.0714],
        [-1.0665, -0.6446,  1.0799],
        [-1.0616, -0.6464,  1.0885],
        [-0.8339, -0.7328,  1.5017],
        [-0.8298, -0.7352,  1.5105],
        [-0.8258, -0.7377,  1.5194]], device='cuda:0', dtype=torch.float64)
Final box point: tensor([[ 0.1678, -0.4474, -1.5020],
        [ 0.1767, -0.4459, -1.5064],
        [ 0.1855, -0.4443, -1.5108]], device='cuda:0', dtype=torch.float64)
Final box point from dumped_values: tensor([[-0.6429, -0.6429, -1.0714],
        [-0.6345, -0.6397, -1.0760],
        [-0.6262, -0.6366, -1.0805],
        [ 0.1678, -0.4474, -1.5020],
        [ 0.1767, -0.4459, -1.5064],
        [ 0.1855, -0.4443, -1.5108]], device='cuda:0', dtype=torch.float64)
Final box point: tensor([[-0.4471, -0.8036,  1.5010],
        [-0.4445, -0.8074,  1.5099],
        [-0.4419, -0.8112,  1.5187]], device='cuda:0', dtype=torch.float64)
Final box point from dumped_values: tensor([[-0.6429, -0.6429,  1.0714],
        [-0.6380, -0.6457,  1.0797],
        [-0.6332, -0.6486,  1.0880],
        [-0.4471, -0.8036,  1.5010],
        [-0.4445, -0.8074,  1.5099],
        [-0.4419, -0.8112,  1.5187]], device='cuda:0', dtype=torch.float64)
Final box point: tensor([[-0.0449, -0.8379,  1.5085],
        [-0.0433, -0.8422,  1.5174],
        [-0.0418, -0.8465,  1.5263]], device='cuda:0', dtype=torch.float64)
Final box point from dumped_values: tensor([[-0.2143, -0.6429,  1.0714],
        [-0.2096, -0.6463,  1.0796],
        [-0.2050, -0.6497,  1.0877],
        [-0.0449, -0.8379,  1.5085],
        [-0.0433, -0.8422,  1.5174],
        [-0.0418, -0.8465,  1.5263]], device='cuda:0', dtype=torch.float64)
Final box point: tensor([[ 0.3820, -0.8548,  1.5009],
        [ 0.3835, -0.8593,  1.5097],
        [ 0.3849, -0.8637,  1.5185]], device='cuda:0', dtype=torch.float64)
Final box point from dumped_values: tensor([[ 0.2143, -0.6429,  1.0714],
        [ 0.2191, -0.6467,  1.0794],
        [ 0.2238, -0.6505,  1.0873],
        [ 0.3820, -0.8548,  1.5009],
        [ 0.3835, -0.8593,  1.5097],
        [ 0.3849, -0.8637,  1.5185]], device='cuda:0', dtype=torch.float64)
Final box point: tensor([[ 1.3627, -0.4901, -1.5020],
        [ 1.3696, -0.4869, -1.5085],
        [ 1.3765, -0.4837, -1.5150]], device='cuda:0', dtype=torch.float64)
Final box point from dumped_values: tensor([[ 0.6429, -0.6429, -1.0714],
        [ 0.6522, -0.6419, -1.0749],
        [ 0.6615, -0.6410, -1.0784],
        [ 1.3627, -0.4901, -1.5020],
        [ 1.3696, -0.4869, -1.5085],
        [ 1.3765, -0.4837, -1.5150]], device='cuda:0', dtype=torch.float64)
Final box point: tensor([[ 1.5046, -0.6118, -1.0298],
        [ 1.5118, -0.6106, -1.0367],
        [ 1.5188, -0.6093, -1.0436]], device='cuda:0', dtype=torch.float64)
Final box point from dumped_values: tensor([[ 0.6429, -0.6429, -0.6429],
        [ 0.6527, -0.6430, -0.6445],
        [ 0.6626, -0.6431, -0.6462],
        [ 1.5046, -0.6118, -1.0298],
        [ 1.5118, -0.6106, -1.0367],
        [ 1.5188, -0.6093, -1.0436]], device='cuda:0', dtype=torch.float64)
Final box point: tensor([[ 1.5089, -0.7870, -0.3132],
        [ 1.5182, -0.7889, -0.3166],
        [ 1.5274, -0.7908, -0.3201]], device='cuda:0', dtype=torch.float64)
Final box point from dumped_values: tensor([[ 0.6429, -0.6429, -0.2143],
        [ 0.6527, -0.6443, -0.2136],
        [ 0.6626, -0.6457, -0.2130],
        [ 1.5089, -0.7870, -0.3132],
        [ 1.5182, -0.7889, -0.3166],
        [ 1.5274, -0.7908, -0.3201]], device='cuda:0', dtype=torch.float64)
Final box point: tensor([[ 1.5018, -0.9833,  0.4645],
        [ 1.5104, -0.9882,  0.4661],
        [ 1.5189, -0.9931,  0.4677]], device='cuda:0', dtype=torch.float64)
Final box point from dumped_values: tensor([[ 0.6429, -0.6429,  0.2143],
        [ 0.6520, -0.6455,  0.2174],
        [ 0.6611, -0.6482,  0.2206],
        [ 1.5018, -0.9833,  0.4645],
        [ 1.5104, -0.9882,  0.4661],
        [ 1.5189, -0.9931,  0.4677]], device='cuda:0', dtype=torch.float64)
Final box point: tensor([[ 0.8329, -0.8808,  1.5018],
        [ 0.8347, -0.8854,  1.5105],
        [ 0.8364, -0.8900,  1.5192]], device='cuda:0', dtype=torch.float64)
Final box point from dumped_values: tensor([[ 0.6429, -0.6429,  1.0714],
        [ 0.6480, -0.6471,  1.0789],
        [ 0.6530, -0.6513,  1.0864],
        [ 0.8329, -0.8808,  1.5018],
        [ 0.8347, -0.8854,  1.5105],
        [ 0.8364, -0.8900,  1.5192]], device='cuda:0', dtype=torch.float64)
Final box point: tensor([[ 1.5048, -0.5389, -1.4052],
        [ 1.5113, -0.5361, -1.4122],
        [ 1.5178, -0.5332, -1.4193]], device='cuda:0', dtype=torch.float64)
Final box point from dumped_values: tensor([[ 1.0714, -0.6429, -1.0714],
        [ 1.0802, -0.6418, -1.0762],
        [ 1.0889, -0.6407, -1.0809],
        [ 1.5048, -0.5389, -1.4052],
        [ 1.5113, -0.5361, -1.4122],
        [ 1.5178, -0.5332, -1.4193]], device='cuda:0', dtype=torch.float64)
Final box point: tensor([[ 1.5076, -0.6358, -0.8810],
        [ 1.5152, -0.6352, -0.8875],
        [ 1.5227, -0.6346, -0.8941]], device='cuda:0', dtype=torch.float64)
Final box point from dumped_values: tensor([[ 1.0714, -0.6429, -0.6429],
        [ 1.0809, -0.6430, -0.6461],
        [ 1.0903, -0.6432, -0.6494],
        [ 1.5076, -0.6358, -0.8810],
        [ 1.5152, -0.6352, -0.8875],
        [ 1.5227, -0.6346, -0.8941]], device='cuda:0', dtype=torch.float64)
Final box point: tensor([[ 1.5028, -0.7140, -0.3156],
        [ 1.5120, -0.7156, -0.3191],
        [ 1.5212, -0.7173, -0.3227]], device='cuda:0', dtype=torch.float64)
Final box point from dumped_values: tensor([[ 1.0714, -0.6429, -0.2143],
        [ 1.0812, -0.6444, -0.2154],
        [ 1.0911, -0.6459, -0.2165],
        [ 1.5028, -0.7140, -0.3156],
        [ 1.5120, -0.7156, -0.3191],
        [ 1.5212, -0.7173, -0.3227]], device='cuda:0', dtype=torch.float64)
Final box point: tensor([[ 1.5040, -0.7934,  0.2484],
        [ 1.5133, -0.7971,  0.2481],
        [ 1.5225, -0.8008,  0.2477]], device='cuda:0', dtype=torch.float64)
Final box point from dumped_values: tensor([[ 1.0714, -0.6429,  0.2143],
        [ 1.0809, -0.6458,  0.2158],
        [ 1.0903, -0.6487,  0.2173],
        [ 1.5040, -0.7934,  0.2484],
        [ 1.5133, -0.7971,  0.2481],
        [ 1.5225, -0.8008,  0.2477]], device='cuda:0', dtype=torch.float64)
Final box point: tensor([[ 1.5003, -0.9319,  0.9424],
        [ 1.5060, -0.9375,  0.9483],
        [ 1.5117, -0.9432,  0.9543]], device='cuda:0', dtype=torch.float64)
Final box point from dumped_values: tensor([[ 1.0714, -0.6429,  0.6429],
        [ 1.0794, -0.6469,  0.6473],
        [ 1.0874, -0.6510,  0.6517],
        [ 1.5003, -0.9319,  0.9424],
        [ 1.5060, -0.9375,  0.9483],
        [ 1.5117, -0.9432,  0.9543]], device='cuda:0', dtype=torch.float64)
Final box point: tensor([[ 1.2903, -0.9120,  1.5066],
        [ 1.2924, -0.9167,  1.5152],
        [ 1.2944, -0.9214,  1.5238]], device='cuda:0', dtype=torch.float64)
Final box point from dumped_values: tensor([[ 1.0714, -0.6429,  1.0714],
        [ 1.0769, -0.6476,  1.0783],
        [ 1.0824, -0.6523,  1.0853],
        [ 1.2903, -0.9120,  1.5066],
        [ 1.2924, -0.9167,  1.5152],
        [ 1.2944, -0.9214,  1.5238]], device='cuda:0', dtype=torch.float64)
Final box point: tensor([[-0.7033, -0.2537, -1.5032],
        [-0.6967, -0.2534, -1.5108],
        [-0.6901, -0.2531, -1.5183]], device='cuda:0', dtype=torch.float64)
Final box point from dumped_values: tensor([[-1.0714, -0.2143, -1.0714],
        [-1.0647, -0.2161, -1.0786],
        [-1.0580, -0.2178, -1.0858],
        [-0.7033, -0.2537, -1.5032],
        [-0.6967, -0.2534, -1.5108],
        [-0.6901, -0.2531, -1.5183]], device='cuda:0', dtype=torch.float64)
Final box point: tensor([[-0.9204, -0.2849,  1.5001],
        [-0.9174, -0.2868,  1.5094],
        [-0.9144, -0.2886,  1.5188]], device='cuda:0', dtype=torch.float64)
Final box point from dumped_values: tensor([[-1.0714, -0.2143,  1.0714],
        [-1.0679, -0.2158,  1.0807],
        [-1.0644, -0.2173,  1.0899],
        [-0.9204, -0.2849,  1.5001],
        [-0.9174, -0.2868,  1.5094],
        [-0.9144, -0.2886,  1.5188]], device='cuda:0', dtype=torch.float64)
Final box point: tensor([[ 0.0863, -0.1622, -1.5017],
        [ 0.0950, -0.1607, -1.5064],
        [ 0.1037, -0.1592, -1.5110]], device='cuda:0', dtype=torch.float64)
Final box point from dumped_values: tensor([[-0.6429, -0.2143, -1.0714],
        [-0.6345, -0.2149, -1.0768],
        [-0.6261, -0.2154, -1.0822],
        [ 0.0863, -0.1622, -1.5017],
        [ 0.0950, -0.1607, -1.5064],
        [ 0.1037, -0.1592, -1.5110]], device='cuda:0', dtype=torch.float64)
Final box point: tensor([[-0.4542, -0.3443,  1.5038],
        [-0.4512, -0.3475,  1.5128],
        [-0.4483, -0.3507,  1.5218]], device='cuda:0', dtype=torch.float64)
Final box point from dumped_values: tensor([[-0.6429, -0.2143,  1.0714],
        [-0.6383, -0.2166,  1.0800],
        [-0.6338, -0.2189,  1.0887],
        [-0.4542, -0.3443,  1.5038],
        [-0.4512, -0.3475,  1.5128],
        [-0.4483, -0.3507,  1.5218]], device='cuda:0', dtype=torch.float64)
Final box point: tensor([[-0.0107, -0.3836,  1.5056],
        [-0.0080, -0.3875,  1.5144],
        [-0.0053, -0.3914,  1.5232]], device='cuda:0', dtype=torch.float64)
Final box point from dumped_values: tensor([[-0.2143, -0.2143,  1.0714],
        [-0.2093, -0.2172,  1.0796],
        [-0.2043, -0.2201,  1.0877],
        [-0.0107, -0.3836,  1.5056],
        [-0.0080, -0.3875,  1.5144],
        [-0.0053, -0.3914,  1.5232]], device='cuda:0', dtype=torch.float64)
Final box point: tensor([[ 0.9827, -0.0657, -1.5051],
        [ 0.9901, -0.0627, -1.5111],
        [ 0.9975, -0.0597, -1.5172]], device='cuda:0', dtype=torch.float64)
Final box point from dumped_values: tensor([[ 0.2143, -0.2143, -1.0714],
        [ 0.2235, -0.2136, -1.0752],
        [ 0.2328, -0.2129, -1.0789],
        [ 0.9827, -0.0657, -1.5051],
        [ 0.9901, -0.0627, -1.5111],
        [ 0.9975, -0.0597, -1.5172]], device='cuda:0', dtype=torch.float64)
Final box point: tensor([[ 0.4332, -0.4196,  1.5059],
        [ 0.4358, -0.4239,  1.5145],
        [ 0.4385, -0.4283,  1.5231]], device='cuda:0', dtype=torch.float64)
Final box point from dumped_values: tensor([[ 0.2143, -0.2143,  1.0714],
        [ 0.2197, -0.2177,  1.0792],
        [ 0.2250, -0.2211,  1.0869],
        [ 0.4332, -0.4196,  1.5059],
        [ 0.4358, -0.4239,  1.5145],
        [ 0.4385, -0.4283,  1.5231]], device='cuda:0', dtype=torch.float64)
Final box point: tensor([[ 1.2401, -0.0484, -1.5011],
        [ 1.2466, -0.0449, -1.5078],
        [ 1.2530, -0.0414, -1.5146]], device='cuda:0', dtype=torch.float64)
Final box point from dumped_values: tensor([[ 0.6429, -0.2143, -1.0714],
        [ 0.6518, -0.2132, -1.0758],
        [ 0.6607, -0.2121, -1.0802],
        [ 1.2401, -0.0484, -1.5011],
        [ 1.2466, -0.0449, -1.5078],
        [ 1.2530, -0.0414, -1.5146]], device='cuda:0', dtype=torch.float64)
Final box point: tensor([[ 1.5061, -0.2956, -0.4522],
        [ 1.5146, -0.2956, -0.4576],
        [ 1.5230, -0.2955, -0.4630]], device='cuda:0', dtype=torch.float64)
Final box point from dumped_values: tensor([[ 0.6429, -0.2143, -0.2143],
        [ 0.6528, -0.2156, -0.2147],
        [ 0.6627, -0.2170, -0.2152],
        [ 1.5061, -0.2956, -0.4522],
        [ 1.5146, -0.2956, -0.4576],
        [ 1.5230, -0.2955, -0.4630]], device='cuda:0', dtype=torch.float64)
Final box point: tensor([[ 1.5009, -0.4843,  0.3322],
        [ 1.5103, -0.4878,  0.3319],
        [ 1.5197, -0.4912,  0.3316]], device='cuda:0', dtype=torch.float64)
Final box point from dumped_values: tensor([[ 0.6429, -0.2143,  0.2143],
        [ 0.6523, -0.2167,  0.2166],
        [ 0.6617, -0.2192,  0.2189],
        [ 1.5009, -0.4843,  0.3322],
        [ 1.5103, -0.4878,  0.3319],
        [ 1.5197, -0.4912,  0.3316]], device='cuda:0', dtype=torch.float64)
Final box point: tensor([[ 0.8883, -0.4684,  1.5031],
        [ 0.8912, -0.4731,  1.5114],
        [ 0.8941, -0.4779,  1.5198]], device='cuda:0', dtype=torch.float64)
Final box point from dumped_values: tensor([[ 0.6429, -0.2143,  1.0714],
        [ 0.6485, -0.2184,  1.0785],
        [ 0.6542, -0.2226,  1.0857],
        [ 0.8883, -0.4684,  1.5031],
        [ 0.8912, -0.4731,  1.5114],
        [ 0.8941, -0.4779,  1.5198]], device='cuda:0', dtype=torch.float64)
Final box point: tensor([[ 1.4984, -0.0345, -1.5061],
        [ 1.5036, -0.0305, -1.5136],
        [ 1.5088, -0.0264, -1.5212]], device='cuda:0', dtype=torch.float64)
Final box point from dumped_values: tensor([[ 1.0714, -0.2143, -1.0714],
        [ 1.0795, -0.2126, -1.0771],
        [ 1.0875, -0.2109, -1.0828],
        [ 1.4984, -0.0345, -1.5061],
        [ 1.5036, -0.0305, -1.5136],
        [ 1.5088, -0.0264, -1.5212]], device='cuda:0', dtype=torch.float64)
Final box point: tensor([[ 1.5025, -0.1510, -0.9706],
        [ 1.5088, -0.1487, -0.9780],
        [ 1.5151, -0.1465, -0.9855]], device='cuda:0', dtype=torch.float64)
Final box point from dumped_values: tensor([[ 1.0714, -0.2143, -0.6429],
        [ 1.0804, -0.2140, -0.6473],
        [ 1.0894, -0.2137, -0.6517],
        [ 1.5025, -0.1510, -0.9706],
        [ 1.5088, -0.1487, -0.9780],
        [ 1.5151, -0.1465, -0.9855]], device='cuda:0', dtype=torch.float64)
Final box point: tensor([[ 1.5063, -0.2529, -0.3828],
        [ 1.5149, -0.2532, -0.3879],
        [ 1.5235, -0.2534, -0.3931]], device='cuda:0', dtype=torch.float64)
Final box point from dumped_values: tensor([[ 1.0714, -0.2143, -0.2143],
        [ 1.0811, -0.2155, -0.2165],
        [ 1.0908, -0.2166, -0.2188],
        [ 1.5063, -0.2529, -0.3828],
        [ 1.5149, -0.2532, -0.3879],
        [ 1.5235, -0.2534, -0.3931]], device='cuda:0', dtype=torch.float64)
Final box point: tensor([[ 1.5028, -0.3380,  0.1957],
        [ 1.5123, -0.3408,  0.1941],
        [ 1.5218, -0.3435,  0.1925]], device='cuda:0', dtype=torch.float64)
Final box point from dumped_values: tensor([[ 1.0714, -0.2143,  0.2143],
        [ 1.0811, -0.2169,  0.2148],
        [ 1.0907, -0.2196,  0.2153],
        [ 1.5028, -0.3380,  0.1957],
        [ 1.5123, -0.3408,  0.1941],
        [ 1.5218, -0.3435,  0.1925]], device='cuda:0', dtype=torch.float64)
Final box point: tensor([[ 1.5046, -0.4618,  0.8478],
        [ 1.5120, -0.4669,  0.8522],
        [ 1.5194, -0.4720,  0.8567]], device='cuda:0', dtype=torch.float64)
Final box point from dumped_values: tensor([[ 1.0714, -0.2143,  0.6429],
        [ 1.0799, -0.2184,  0.6464],
        [ 1.0883, -0.2225,  0.6499],
        [ 1.5046, -0.4618,  0.8478],
        [ 1.5120, -0.4669,  0.8522],
        [ 1.5194, -0.4720,  0.8567]], device='cuda:0', dtype=torch.float64)
Final box point: tensor([[ 1.3639, -0.5206,  1.5064],
        [ 1.3672, -0.5253,  1.5146],
        [ 1.3705, -0.5300,  1.5227]], device='cuda:0', dtype=torch.float64)
Final box point from dumped_values: tensor([[ 1.0714, -0.2143,  1.0714],
        [ 1.0775, -0.2194,  1.0776],
        [ 1.0834, -0.2244,  1.0838],
        [ 1.3639, -0.5206,  1.5064],
        [ 1.3672, -0.5253,  1.5146],
        [ 1.3705, -0.5300,  1.5227]], device='cuda:0', dtype=torch.float64)
Final box point: tensor([[-0.7354,  0.1812, -1.5050],
        [-0.7292,  0.1814, -1.5128],
        [-0.7230,  0.1818, -1.5207]], device='cuda:0', dtype=torch.float64)
Final box point from dumped_values: tensor([[-1.0714,  0.2143, -1.0714],
        [-1.0651,  0.2133, -1.0791],
        [-1.0587,  0.2123, -1.0868],
        [-0.7354,  0.1812, -1.5050],
        [-0.7292,  0.1814, -1.5128],
        [-0.7230,  0.1818, -1.5207]], device='cuda:0', dtype=torch.float64)
Final box point: tensor([[-0.7425,  0.0888,  1.5019],
        [-0.7399,  0.0871,  1.5114],
        [-0.7374,  0.0853,  1.5209]], device='cuda:0', dtype=torch.float64)
Final box point from dumped_values: tensor([[-1.0714,  0.2143,  0.6429],
        [-1.0669,  0.2131,  0.6517],
        [-1.0625,  0.2119,  0.6606],
        [-0.7425,  0.0888,  1.5019],
        [-0.7399,  0.0871,  1.5114],
        [-0.7374,  0.0853,  1.5209]], device='cuda:0', dtype=torch.float64)
Final box point: tensor([[-0.9703,  0.1740,  1.5079],
        [-0.9685,  0.1729,  1.5177],
        [-0.9666,  0.1718,  1.5275]], device='cuda:0', dtype=torch.float64)
Final box point from dumped_values: tensor([[-1.0714,  0.2143,  1.0714],
        [-1.0688,  0.2135,  1.0810],
        [-1.0662,  0.2126,  1.0907],
        [-0.9703,  0.1740,  1.5079],
        [-0.9685,  0.1729,  1.5177],
        [-0.9666,  0.1718,  1.5275]], device='cuda:0', dtype=torch.float64)
Final box point: tensor([[-0.0435,  0.2076, -1.5012],
        [-0.0352,  0.2089, -1.5067],
        [-0.0269,  0.2102, -1.5121]], device='cuda:0', dtype=torch.float64)
Final box point from dumped_values: tensor([[-0.6429,  0.2143, -1.0714],
        [-0.6350,  0.2129, -1.0774],
        [-0.6271,  0.2115, -1.0834],
        [-0.0435,  0.2076, -1.5012],
        [-0.0352,  0.2089, -1.5067],
        [-0.0269,  0.2102, -1.5121]], device='cuda:0', dtype=torch.float64)
Final box point: tensor([[-0.4722,  0.1304,  1.5008],
        [-0.4692,  0.1283,  1.5101],
        [-0.4663,  0.1261,  1.5194]], device='cuda:0', dtype=torch.float64)
Final box point from dumped_values: tensor([[-0.6429,  0.2143,  1.0714],
        [-0.6387,  0.2127,  1.0804],
        [-0.6345,  0.2111,  1.0893],
        [-0.4722,  0.1304,  1.5008],
        [-0.4692,  0.1283,  1.5101],
        [-0.4663,  0.1261,  1.5194]], device='cuda:0', dtype=torch.float64)
Final box point: tensor([[ 0.5112,  0.2781, -1.5041],
        [ 0.5192,  0.2801, -1.5097],
        [ 0.5273,  0.2821, -1.5153]], device='cuda:0', dtype=torch.float64)
Final box point from dumped_values: tensor([[-0.2143,  0.2143, -1.0714],
        [-0.2055,  0.2136, -1.0762],
        [-0.1968,  0.2130, -1.0810],
        [ 0.5112,  0.2781, -1.5041],
        [ 0.5192,  0.2801, -1.5097],
        [ 0.5273,  0.2821, -1.5153]], device='cuda:0', dtype=torch.float64)
Final box point: tensor([[-5.4134e-04,  9.1653e-02,  1.5054e+00],
        [ 2.7142e-03,  8.8727e-02,  1.5143e+00],
        [ 5.9258e-03,  8.5779e-02,  1.5233e+00]], device='cuda:0',
       dtype=torch.float64)
Final box point from dumped_values: tensor([[-2.1429e-01,  2.1429e-01,  1.0714e+00],
        [-2.0915e-01,  2.1219e-01,  1.0798e+00],
        [-2.0405e-01,  2.1008e-01,  1.0881e+00],
        [-5.4134e-04,  9.1653e-02,  1.5054e+00],
        [ 2.7142e-03,  8.8727e-02,  1.5143e+00],
        [ 5.9258e-03,  8.5779e-02,  1.5233e+00]], device='cuda:0',
       dtype=torch.float64)
Final box point: tensor([[ 0.8717,  0.3285, -1.5058],
        [ 0.8790,  0.3310, -1.5121],
        [ 0.8862,  0.3336, -1.5185]], device='cuda:0', dtype=torch.float64)
Final box point from dumped_values: tensor([[ 0.2143,  0.2143, -1.0714],
        [ 0.2232,  0.2146, -1.0760],
        [ 0.2321,  0.2149, -1.0805],
        [ 0.8717,  0.3285, -1.5058],
        [ 0.8790,  0.3310, -1.5121],
        [ 0.8862,  0.3336, -1.5185]], device='cuda:0', dtype=torch.float64)
Final box point: tensor([[0.4452, 0.0400, 1.5013],
        [0.4484, 0.0360, 1.5100],
        [0.4515, 0.0321, 1.5186]], device='cuda:0', dtype=torch.float64)
Final box point from dumped_values: tensor([[0.2143, 0.2143, 1.0714],
        [0.2199, 0.2115, 1.0792],
        [0.2255, 0.2088, 1.0871],
        [0.4452, 0.0400, 1.5013],
        [0.4484, 0.0360, 1.5100],
        [0.4515, 0.0321, 1.5186]], device='cuda:0', dtype=torch.float64)
Final box point: tensor([[ 1.1561,  0.3521, -1.5056],
        [ 1.1623,  0.3551, -1.5128],
        [ 1.1686,  0.3581, -1.5200]], device='cuda:0', dtype=torch.float64)
Final box point from dumped_values: tensor([[ 0.6429,  0.2143, -1.0714],
        [ 0.6513,  0.2153, -1.0766],
        [ 0.6598,  0.2164, -1.0819],
        [ 1.1561,  0.3521, -1.5056],
        [ 1.1623,  0.3551, -1.5128],
        [ 1.1686,  0.3581, -1.5200]], device='cuda:0', dtype=torch.float64)
Final box point: tensor([[ 1.5011,  0.1533, -0.5977],
        [ 1.5082,  0.1539, -0.6047],
        [ 1.5154,  0.1545, -0.6117]], device='cuda:0', dtype=torch.float64)
Final box point from dumped_values: tensor([[ 0.6429,  0.2143, -0.2143],
        [ 0.6527,  0.2130, -0.2155],
        [ 0.6625,  0.2117, -0.2169],
        [ 1.5011,  0.1533, -0.5977],
        [ 1.5082,  0.1539, -0.6047],
        [ 1.5154,  0.1545, -0.6117]], device='cuda:0', dtype=torch.float64)
Final box point: tensor([[ 1.5042, -0.0251,  0.2047],
        [ 1.5136, -0.0279,  0.2025],
        [ 1.5229, -0.0307,  0.2001]], device='cuda:0', dtype=torch.float64)
Final box point from dumped_values: tensor([[ 0.6429,  0.2143,  0.2143],
        [ 0.6525,  0.2121,  0.2159],
        [ 0.6621,  0.2099,  0.2175],
        [ 1.5042, -0.0251,  0.2047],
        [ 1.5136, -0.0279,  0.2025],
        [ 1.5229, -0.0307,  0.2001]], device='cuda:0', dtype=torch.float64)
Final box point: tensor([[ 0.8973, -0.0728,  1.5041],
        [ 0.9006, -0.0779,  1.5121],
        [ 0.9039, -0.0829,  1.5201]], device='cuda:0', dtype=torch.float64)
Final box point from dumped_values: tensor([[ 0.6429,  0.2143,  1.0714],
        [ 0.6485,  0.2099,  1.0784],
        [ 0.6541,  0.2055,  1.0854],
        [ 0.8973, -0.0728,  1.5041],
        [ 0.9006, -0.0779,  1.5121],
        [ 0.9039, -0.0829,  1.5201]], device='cuda:0', dtype=torch.float64)
Final box point: tensor([[ 1.4290,  0.3596, -1.5007],
        [ 1.4340,  0.3629, -1.5087],
        [ 1.4388,  0.3663, -1.5168]], device='cuda:0', dtype=torch.float64)
Final box point from dumped_values: tensor([[ 1.0714,  0.2143, -1.0714],
        [ 1.0788,  0.2160, -1.0780],
        [ 1.0862,  0.2177, -1.0845],
        [ 1.4290,  0.3596, -1.5007],
        [ 1.4340,  0.3629, -1.5087],
        [ 1.4388,  0.3663, -1.5168]], device='cuda:0', dtype=torch.float64)
Final box point: tensor([[ 1.5052,  0.2857, -1.0723],
        [ 1.5106,  0.2878, -1.0804],
        [ 1.5159,  0.2900, -1.0886]], device='cuda:0', dtype=torch.float64)
Final box point from dumped_values: tensor([[ 1.0714,  0.2143, -0.6429],
        [ 1.0798,  0.2145, -0.6483],
        [ 1.0882,  0.2148, -0.6537],
        [ 1.5052,  0.2857, -1.0723],
        [ 1.5106,  0.2878, -1.0804],
        [ 1.5159,  0.2900, -1.0886]], device='cuda:0', dtype=torch.float64)
Final box point: tensor([[ 1.5041,  0.1758, -0.4557],
        [ 1.5117,  0.1757, -0.4622],
        [ 1.5193,  0.1756, -0.4687]], device='cuda:0', dtype=torch.float64)
Final box point from dumped_values: tensor([[ 1.0714,  0.2143, -0.2143],
        [ 1.0808,  0.2131, -0.2175],
        [ 1.0902,  0.2119, -0.2208],
        [ 1.5041,  0.1758, -0.4557],
        [ 1.5117,  0.1757, -0.4622],
        [ 1.5193,  0.1756, -0.4687]], device='cuda:0', dtype=torch.float64)
Final box point: tensor([[1.5064, 0.0912, 0.1359],
        [1.5156, 0.0887, 0.1329],
        [1.5247, 0.0861, 0.1298]], device='cuda:0', dtype=torch.float64)
Final box point from dumped_values: tensor([[1.0714, 0.2143, 0.2143],
        [1.0811, 0.2117, 0.2138],
        [1.0907, 0.2091, 0.2132],
        [1.5064, 0.0912, 0.1359],
        [1.5156, 0.0887, 0.1329],
        [1.5247, 0.0861, 0.1298]], device='cuda:0', dtype=torch.float64)
Final box point: tensor([[ 1.5029, -0.0383,  0.7431],
        [ 1.5113, -0.0434,  0.7452],
        [ 1.5196, -0.0485,  0.7472]], device='cuda:0', dtype=torch.float64)
Final box point from dumped_values: tensor([[ 1.0714,  0.2143,  0.6429],
        [ 1.0801,  0.2097,  0.6450],
        [ 1.0887,  0.2051,  0.6471],
        [ 1.5029, -0.0383,  0.7431],
        [ 1.5113, -0.0434,  0.7452],
        [ 1.5196, -0.0485,  0.7472]], device='cuda:0', dtype=torch.float64)
Final box point: tensor([[ 1.4305, -0.2109,  1.5060],
        [ 1.4347, -0.2158,  1.5135],
        [ 1.4389, -0.2208,  1.5211]], device='cuda:0', dtype=torch.float64)
Final box point from dumped_values: tensor([[ 1.0714,  0.2143,  1.0714],
        [ 1.0770,  0.2075,  1.0762],
        [ 1.0826,  0.2007,  1.0810],
        [ 1.4305, -0.2109,  1.5060],
        [ 1.4347, -0.2158,  1.5135],
        [ 1.4389, -0.2208,  1.5211]], device='cuda:0', dtype=torch.float64)
Final box point: tensor([[-0.8438,  0.5889, -1.5008],
        [-0.8390,  0.5889, -1.5096],
        [-0.8342,  0.5889, -1.5184]], device='cuda:0', dtype=torch.float64)
Final box point from dumped_values: tensor([[-1.0714,  0.6429, -1.0714],
        [-1.0669,  0.6407, -1.0801],
        [-1.0624,  0.6385, -1.0887],
        [-0.8438,  0.5889, -1.5008],
        [-0.8390,  0.5889, -1.5096],
        [-0.8342,  0.5889, -1.5184]], device='cuda:0', dtype=torch.float64)
Final box point: tensor([[-0.8513,  0.6035,  1.5032],
        [-0.8497,  0.6031,  1.5131],
        [-0.8480,  0.6027,  1.5230]], device='cuda:0', dtype=torch.float64)
Final box point from dumped_values: tensor([[-1.0714,  0.6429,  0.6429],
        [-1.0683,  0.6421,  0.6523],
        [-1.0651,  0.6413,  0.6618],
        [-0.8513,  0.6035,  1.5032],
        [-0.8497,  0.6031,  1.5131],
        [-0.8480,  0.6027,  1.5230]], device='cuda:0', dtype=torch.float64)
Final box point: tensor([[-1.0106,  0.6406,  1.5071],
        [-1.0097,  0.6405,  1.5170],
        [-1.0087,  0.6404,  1.5270]], device='cuda:0', dtype=torch.float64)
Final box point from dumped_values: tensor([[-1.0714,  0.6429,  1.0714],
        [-1.0696,  0.6428,  1.0813],
        [-1.0679,  0.6427,  1.0911],
        [-1.0106,  0.6406,  1.5071],
        [-1.0097,  0.6405,  1.5170],
        [-1.0087,  0.6404,  1.5270]], device='cuda:0', dtype=torch.float64)
Final box point: tensor([[-0.1652,  0.6025, -1.5061],
        [-0.1576,  0.6034, -1.5126],
        [-0.1500,  0.6043, -1.5190]], device='cuda:0', dtype=torch.float64)
Final box point from dumped_values: tensor([[-0.6429,  0.6429, -1.0714],
        [-0.6358,  0.6406, -1.0782],
        [-0.6288,  0.6384, -1.0849],
        [-0.1652,  0.6025, -1.5061],
        [-0.1576,  0.6034, -1.5126],
        [-0.1500,  0.6043, -1.5190]], device='cuda:0', dtype=torch.float64)
Final box point: tensor([[-0.4922,  0.6117,  1.5047],
        [-0.4895,  0.6110,  1.5143],
        [-0.4868,  0.6102,  1.5239]], device='cuda:0', dtype=torch.float64)
Final box point from dumped_values: tensor([[-0.6429,  0.6429,  1.0714],
        [-0.6391,  0.6422,  1.0807],
        [-0.6353,  0.6415,  1.0899],
        [-0.4922,  0.6117,  1.5047],
        [-0.4895,  0.6110,  1.5143],
        [-0.4868,  0.6102,  1.5239]], device='cuda:0', dtype=torch.float64)
Final box point: tensor([[ 0.4063,  0.6791, -1.5044],
        [ 0.4142,  0.6807, -1.5104],
        [ 0.4220,  0.6823, -1.5164]], device='cuda:0', dtype=torch.float64)
Final box point from dumped_values: tensor([[-0.2143,  0.6429, -1.0714],
        [-0.2060,  0.6419, -1.0769],
        [-0.1976,  0.6409, -1.0823],
        [ 0.4063,  0.6791, -1.5044],
        [ 0.4142,  0.6807, -1.5104],
        [ 0.4220,  0.6823, -1.5164]], device='cuda:0', dtype=torch.float64)
Final box point: tensor([[-0.0111,  0.5908,  1.5023],
        [-0.0079,  0.5895,  1.5116],
        [-0.0047,  0.5882,  1.5210]], device='cuda:0', dtype=torch.float64)
Final box point from dumped_values: tensor([[-0.2143,  0.6429,  1.0714],
        [-0.2092,  0.6419,  1.0800],
        [-0.2042,  0.6409,  1.0886],
        [-0.0111,  0.5908,  1.5023],
        [-0.0079,  0.5895,  1.5116],
        [-0.0047,  0.5882,  1.5210]], device='cuda:0', dtype=torch.float64)
Final box point: tensor([[ 0.7927,  0.7279, -1.5046],
        [ 0.7999,  0.7298, -1.5114],
        [ 0.8070,  0.7317, -1.5181]], device='cuda:0', dtype=torch.float64)
Final box point from dumped_values: tensor([[ 0.2143,  0.6429, -1.0714],
        [ 0.2229,  0.6431, -1.0765],
        [ 0.2314,  0.6433, -1.0817],
        [ 0.7927,  0.7279, -1.5046],
        [ 0.7999,  0.7298, -1.5114],
        [ 0.8070,  0.7317, -1.5181]], device='cuda:0', dtype=torch.float64)
Final box point: tensor([[0.4081, 0.5396, 1.5061],
        [0.4104, 0.5369, 1.5154],
        [0.4126, 0.5341, 1.5247]], device='cuda:0', dtype=torch.float64)
Final box point from dumped_values: tensor([[0.2143, 0.6429, 1.0714],
        [0.2198, 0.6414, 1.0796],
        [0.2254, 0.6400, 1.0878],
        [0.4081, 0.5396, 1.5061],
        [0.4104, 0.5369, 1.5154],
        [0.4126, 0.5341, 1.5247]], device='cuda:0', dtype=torch.float64)
Final box point: tensor([[ 1.0902,  0.7392, -1.5014],
        [ 1.0964,  0.7412, -1.5090],
        [ 1.1025,  0.7433, -1.5166]], device='cuda:0', dtype=torch.float64)
Final box point from dumped_values: tensor([[ 0.6429,  0.6429, -1.0714],
        [ 0.6509,  0.6438, -1.0773],
        [ 0.6589,  0.6447, -1.0832],
        [ 1.0902,  0.7392, -1.5014],
        [ 1.0964,  0.7412, -1.5090],
        [ 1.1025,  0.7433, -1.5166]], device='cuda:0', dtype=torch.float64)
Final box point: tensor([[1.5063, 0.4227, 0.1036],
        [1.5150, 0.4199, 0.0998],
        [1.5238, 0.4170, 0.0958]], device='cuda:0', dtype=torch.float64)
Final box point from dumped_values: tensor([[0.6429, 0.6429, 0.2143],
        [0.6527, 0.6414, 0.2156],
        [0.6625, 0.6399, 0.2168],
        [1.5063, 0.4227, 0.1036],
        [1.5150, 0.4199, 0.0998],
        [1.5238, 0.4170, 0.0958]], device='cuda:0', dtype=torch.float64)
Final box point: tensor([[0.7792, 0.3332, 1.5030],
        [0.7812, 0.3278, 1.5112],
        [0.7831, 0.3224, 1.5195]], device='cuda:0', dtype=torch.float64)
Final box point from dumped_values: tensor([[0.6429, 0.6429, 1.0714],
        [0.6472, 0.6381, 1.0791],
        [0.6513, 0.6333, 1.0868],
        [0.7792, 0.3332, 1.5030],
        [0.7812, 0.3278, 1.5112],
        [0.7831, 0.3224, 1.5195]], device='cuda:0', dtype=torch.float64)
Final box point: tensor([[ 1.3809,  0.7362, -1.5022],
        [ 1.3857,  0.7384, -1.5107],
        [ 1.3904,  0.7406, -1.5192]], device='cuda:0', dtype=torch.float64)
Final box point from dumped_values: tensor([[ 1.0714,  0.6429, -1.0714],
        [ 1.0782,  0.6441, -1.0787],
        [ 1.0849,  0.6453, -1.0861],
        [ 1.3809,  0.7362, -1.5022],
        [ 1.3857,  0.7384, -1.5107],
        [ 1.3904,  0.7406, -1.5192]], device='cuda:0', dtype=torch.float64)
Final box point: tensor([[ 1.5038,  0.6874, -1.1967],
        [ 1.5083,  0.6890, -1.2054],
        [ 1.5127,  0.6906, -1.2143]], device='cuda:0', dtype=torch.float64)
Final box point from dumped_values: tensor([[ 1.0714,  0.6429, -0.6429],
        [ 1.0791,  0.6426, -0.6492],
        [ 1.0868,  0.6423, -0.6557],
        [ 1.5038,  0.6874, -1.1967],
        [ 1.5083,  0.6890, -1.2054],
        [ 1.5127,  0.6906, -1.2143]], device='cuda:0', dtype=torch.float64)
Final box point: tensor([[ 1.5049,  0.5617, -0.5356],
        [ 1.5115,  0.5609, -0.5431],
        [ 1.5180,  0.5602, -0.5506]], device='cuda:0', dtype=torch.float64)
Final box point from dumped_values: tensor([[ 1.0714,  0.6429, -0.2143],
        [ 1.0804,  0.6411, -0.2183],
        [ 1.0893,  0.6394, -0.2225],
        [ 1.5049,  0.5617, -0.5356],
        [ 1.5115,  0.5609, -0.5431],
        [ 1.5180,  0.5602, -0.5506]], device='cuda:0', dtype=torch.float64)
Final box point: tensor([[1.5026, 0.5088, 0.0901],
        [1.5112, 0.5059, 0.0860],
        [1.5199, 0.5029, 0.0819]], device='cuda:0', dtype=torch.float64)
Final box point from dumped_values: tensor([[1.0714, 0.6429, 0.2143],
        [1.0810, 0.6404, 0.2130],
        [1.0906, 0.6379, 0.2117],
        [1.5026, 0.5088, 0.0901],
        [1.5112, 0.5059, 0.0860],
        [1.5199, 0.5029, 0.0819]], device='cuda:0', dtype=torch.float64)
Final box point: tensor([[1.5079, 0.3856, 0.5848],
        [1.5165, 0.3807, 0.5836],
        [1.5251, 0.3758, 0.5824]], device='cuda:0', dtype=torch.float64)
Final box point from dumped_values: tensor([[1.0714, 0.6429, 0.6429],
        [1.0801, 0.6380, 0.6422],
        [1.0888, 0.6331, 0.6414],
        [1.5079, 0.3856, 0.5848],
        [1.5165, 0.3807, 0.5836],
        [1.5251, 0.3758, 0.5824]], device='cuda:0', dtype=torch.float64)
Final box point: tensor([[-0.9448,  1.0201, -1.5083],
        [-0.9416,  1.0205, -1.5178],
        [-0.9384,  1.0209, -1.5273]], device='cuda:0', dtype=torch.float64)
Final box point from dumped_values: tensor([[-1.0714,  1.0714, -1.0714],
        [-1.0692,  1.0686, -1.0808],
        [-1.0670,  1.0658, -1.0901],
        [-0.9448,  1.0201, -1.5083],
        [-0.9416,  1.0205, -1.5178],
        [-0.9384,  1.0209, -1.5273]], device='cuda:0', dtype=torch.float64)
Final box point: tensor([[-0.9517,  1.1281,  1.5018],
        [-0.9509,  1.1290,  1.5117],
        [-0.9501,  1.1299,  1.5217]], device='cuda:0', dtype=torch.float64)
Final box point from dumped_values: tensor([[-1.0714,  1.0714,  0.6429],
        [-1.0697,  1.0711,  0.6527],
        [-1.0680,  1.0709,  0.6626],
        [-0.9517,  1.1281,  1.5018],
        [-0.9509,  1.1290,  1.5117],
        [-0.9501,  1.1299,  1.5217]], device='cuda:0', dtype=torch.float64)
Final box point: tensor([[-1.0404,  1.1129,  1.5083],
        [-1.0401,  1.1137,  1.5183],
        [-1.0397,  1.1146,  1.5282]], device='cuda:0', dtype=torch.float64)
Final box point from dumped_values: tensor([[-1.0714,  1.0714,  1.0714],
        [-1.0704,  1.0723,  1.0813],
        [-1.0694,  1.0732,  1.0913],
        [-1.0404,  1.1129,  1.5083],
        [-1.0401,  1.1137,  1.5183],
        [-1.0397,  1.1146,  1.5282]], device='cuda:0', dtype=torch.float64)
Final box point: tensor([[-0.2575,  1.0540, -1.5015],
        [-0.2506,  1.0551, -1.5087],
        [-0.2437,  1.0561, -1.5158]], device='cuda:0', dtype=torch.float64)
Final box point from dumped_values: tensor([[-0.6429,  1.0714, -1.0714],
        [-0.6365,  1.0695, -1.0789],
        [-0.6302,  1.0677, -1.0864],
        [-0.2575,  1.0540, -1.5015],
        [-0.2506,  1.0551, -1.5087],
        [-0.2437,  1.0561, -1.5158]], device='cuda:0', dtype=torch.float64)
Final box point: tensor([[-0.2368,  1.1224,  1.5083],
        [-0.2337,  1.1235,  1.5177],
        [-0.2307,  1.1246,  1.5272]], device='cuda:0', dtype=torch.float64)
Final box point from dumped_values: tensor([[-0.6429,  1.0714,  0.6429],
        [-0.6380,  1.0709,  0.6516],
        [-0.6331,  1.0705,  0.6603],
        [-0.2368,  1.1224,  1.5083],
        [-0.2337,  1.1235,  1.5177],
        [-0.2307,  1.1246,  1.5272]], device='cuda:0', dtype=torch.float64)
Final box point: tensor([[-0.5045,  1.1079,  1.5084],
        [-0.5020,  1.1088,  1.5181],
        [-0.4995,  1.1097,  1.5277]], device='cuda:0', dtype=torch.float64)
Final box point from dumped_values: tensor([[-0.6429,  1.0714,  1.0714],
        [-0.6394,  1.0720,  1.0808],
        [-0.6361,  1.0726,  1.0902],
        [-0.5045,  1.1079,  1.5084],
        [-0.5020,  1.1088,  1.5181],
        [-0.4995,  1.1097,  1.5277]], device='cuda:0', dtype=torch.float64)
Final box point: tensor([[ 0.3437,  1.1338, -1.5041],
        [ 0.3512,  1.1353, -1.5104],
        [ 0.3588,  1.1369, -1.5167]], device='cuda:0', dtype=torch.float64)
Final box point from dumped_values: tensor([[-0.2143,  1.0714, -1.0714],
        [-0.2062,  1.0711, -1.0773],
        [-0.1981,  1.0709, -1.0832],
        [ 0.3437,  1.1338, -1.5041],
        [ 0.3512,  1.1353, -1.5104],
        [ 0.3588,  1.1369, -1.5167]], device='cuda:0', dtype=torch.float64)
Final box point: tensor([[-0.0167,  1.1212,  1.5050],
        [-0.0136,  1.1225,  1.5145],
        [-0.0106,  1.1238,  1.5239]], device='cuda:0', dtype=torch.float64)
Final box point from dumped_values: tensor([[-0.2143,  1.0714,  1.0714],
        [-0.2093,  1.0722,  1.0801],
        [-0.2044,  1.0729,  1.0888],
        [-0.0167,  1.1212,  1.5050],
        [-0.0136,  1.1225,  1.5145],
        [-0.0106,  1.1238,  1.5239]], device='cuda:0', dtype=torch.float64)
Final box point: tensor([[ 0.7428,  1.1610, -1.5038],
        [ 0.7498,  1.1625, -1.5107],
        [ 0.7568,  1.1639, -1.5177]], device='cuda:0', dtype=torch.float64)
Final box point from dumped_values: tensor([[ 0.2143,  1.0714, -1.0714],
        [ 0.2226,  1.0722, -1.0769],
        [ 0.2309,  1.0731, -1.0824],
        [ 0.7428,  1.1610, -1.5038],
        [ 0.7498,  1.1625, -1.5107],
        [ 0.7568,  1.1639, -1.5177]], device='cuda:0', dtype=torch.float64)
Final box point: tensor([[0.3684, 1.1491, 1.5037],
        [0.3696, 1.1511, 1.5134],
        [0.3707, 1.1531, 1.5232]], device='cuda:0', dtype=torch.float64)
Final box point from dumped_values: tensor([[0.2143, 1.0714, 1.0714],
        [0.2197, 1.0726, 1.0798],
        [0.2249, 1.0738, 1.0882],
        [0.3684, 1.1491, 1.5037],
        [0.3696, 1.1511, 1.5134],
        [0.3707, 1.1531, 1.5232]], device='cuda:0', dtype=torch.float64)
Final box point: tensor([[ 1.0479,  1.1462, -1.5062],
        [ 1.0540,  1.1474, -1.5141],
        [ 1.0600,  1.1485, -1.5219]], device='cuda:0', dtype=torch.float64)
Final box point from dumped_values: tensor([[ 0.6429,  1.0714, -1.0714],
        [ 0.6504,  1.0726, -1.0779],
        [ 0.6580,  1.0737, -1.0843],
        [ 1.0479,  1.1462, -1.5062],
        [ 1.0540,  1.1474, -1.5141],
        [ 1.0600,  1.1485, -1.5219]], device='cuda:0', dtype=torch.float64)
Final box point: tensor([[1.5047, 0.9348, 0.2013],
        [1.5136, 0.9311, 0.1986],
        [1.5224, 0.9274, 0.1958]], device='cuda:0', dtype=torch.float64)
Final box point from dumped_values: tensor([[0.6429, 1.0714, 0.2143],
        [0.6527, 1.0719, 0.2159],
        [0.6626, 1.0723, 0.2176],
        [1.5047, 0.9348, 0.2013],
        [1.5136, 0.9311, 0.1986],
        [1.5224, 0.9274, 0.1958]], device='cuda:0', dtype=torch.float64)
Final box point: tensor([[1.3428, 1.5067, 0.6072],
        [1.3492, 1.5144, 0.6075],
        [1.3556, 1.5221, 0.6079]], device='cuda:0', dtype=torch.float64)
Final box point from dumped_values: tensor([[0.6429, 1.0714, 0.6429],
        [0.6518, 1.0729, 0.6471],
        [0.6608, 1.0743, 0.6513],
        [1.3428, 1.5067, 0.6072],
        [1.3492, 1.5144, 0.6075],
        [1.3556, 1.5221, 0.6079]], device='cuda:0', dtype=torch.float64)
Final box point: tensor([[0.5517, 1.2169, 1.5076],
        [0.5501, 1.2200, 1.5170],
        [0.5487, 1.2232, 1.5263]], device='cuda:0', dtype=torch.float64)
Final box point from dumped_values: tensor([[0.6429, 1.0714, 1.0714],
        [0.6435, 1.0742, 1.0810],
        [0.6437, 1.0770, 1.0906],
        [0.5517, 1.2169, 1.5076],
        [0.5501, 1.2200, 1.5170],
        [0.5487, 1.2232, 1.5263]], device='cuda:0', dtype=torch.float64)
Final box point: tensor([[ 1.3415,  1.1204, -1.5008],
        [ 1.3462,  1.1214, -1.5095],
        [ 1.3509,  1.1224, -1.5183]], device='cuda:0', dtype=torch.float64)
Final box point from dumped_values: tensor([[ 1.0714,  1.0714, -1.0714],
        [ 1.0773,  1.0722, -1.0795],
        [ 1.0832,  1.0730, -1.0875],
        [ 1.3415,  1.1204, -1.5008],
        [ 1.3462,  1.1214, -1.5095],
        [ 1.3509,  1.1224, -1.5183]], device='cuda:0', dtype=torch.float64)
Final box point: tensor([[ 1.5010,  1.0760, -1.3939],
        [ 1.5049,  1.0770, -1.4031],
        [ 1.5086,  1.0779, -1.4123]], device='cuda:0', dtype=torch.float64)
Final box point from dumped_values: tensor([[ 1.0714,  1.0714, -0.6429],
        [ 1.0774,  1.0699, -0.6508],
        [ 1.0832,  1.0684, -0.6587],
        [ 1.5010,  1.0760, -1.3939],
        [ 1.5049,  1.0770, -1.4031],
        [ 1.5086,  1.0779, -1.4123]], device='cuda:0', dtype=torch.float64)
Final box point: tensor([[ 1.5054,  0.8424, -0.6416],
        [ 1.5109,  0.8411, -0.6499],
        [ 1.5164,  0.8398, -0.6581]], device='cuda:0', dtype=torch.float64)
Final box point from dumped_values: tensor([[ 1.0714,  1.0714, -0.2143],
        [ 1.0790,  1.0666, -0.2187],
        [ 1.0864,  1.0617, -0.2232],
        [ 1.5054,  0.8424, -0.6416],
        [ 1.5109,  0.8411, -0.6499],
        [ 1.5164,  0.8398, -0.6581]], device='cuda:0', dtype=torch.float64)
Final box point: tensor([[1.5014, 0.9270, 0.1581],
        [1.5101, 0.9231, 0.1552],
        [1.5189, 0.9192, 0.1522]], device='cuda:0', dtype=torch.float64)
Final box point from dumped_values: tensor([[1.0714, 1.0714, 0.2143],
        [1.0813, 1.0697, 0.2144],
        [1.0911, 1.0678, 0.2145],
        [1.5014, 0.9270, 0.1581],
        [1.5101, 0.9231, 0.1552],
        [1.5189, 0.9192, 0.1522]], device='cuda:0', dtype=torch.float64)
Final box point: tensor([[1.5058, 1.0737, 0.4678],
        [1.5153, 1.0725, 0.4648],
        [1.5248, 1.0712, 0.4620]], device='cuda:0', dtype=torch.float64)
Final box point from dumped_values: tensor([[1.0714, 1.0714, 0.6429],
        [1.0804, 1.0724, 0.6386],
        [1.0894, 1.0734, 0.6344],
        [1.5058, 1.0737, 0.4678],
        [1.5153, 1.0725, 0.4648],
        [1.5248, 1.0712, 0.4620]], device='cuda:0', dtype=torch.float64)
Now have 107 number of dumped streamlines after box filtering.
Final path point: tensor([[-0.6474, -1.3524,  1.1502],
        [-0.6424, -1.3558,  1.1582],
        [-0.6374, -1.3592,  1.1662]], device='cuda:0', dtype=torch.float64)
Final path point from dumped_values: tensor([[-1.0714, -1.0714,  0.6429],
        [-1.0660, -1.0763,  0.6497],
        [-1.0605, -1.0811,  0.6565],
        [-0.6474, -1.3524,  1.1502],
        [-0.6424, -1.3558,  1.1582],
        [-0.6374, -1.3592,  1.1662]], device='cuda:0', dtype=torch.float64)
Path index found in box indices, continuing
Path index found in box indices, continuing
Path index found in box indices, continuing
Path index found in box indices, continuing
Path index found in box indices, continuing
Path index found in box indices, continuing
Final path point: tensor([[-0.0355, -0.9617,  0.8236],
        [-0.0301, -0.9653,  0.8312],
        [-0.0247, -0.9690,  0.8388]], device='cuda:0', dtype=torch.float64)
Final path point from dumped_values: tensor([[-0.6429, -0.6429,  0.2143],
        [-0.6355, -0.6465,  0.2200],
        [-0.6282, -0.6501,  0.2258],
        [-0.0355, -0.9617,  0.8236],
        [-0.0301, -0.9653,  0.8312],
        [-0.0247, -0.9690,  0.8388]], device='cuda:0', dtype=torch.float64)
Final path point: tensor([[ 0.1125, -0.7021, -0.1038],
        [ 0.1218, -0.7039, -0.1006],
        [ 0.1311, -0.7056, -0.0975]], device='cuda:0', dtype=torch.float64)
Final path point from dumped_values: tensor([[-0.2143, -0.6429, -0.2143],
        [-0.2049, -0.6445, -0.2112],
        [-0.1956, -0.6462, -0.2080],
        [ 0.1125, -0.7021, -0.1038],
        [ 0.1218, -0.7039, -0.1006],
        [ 0.1311, -0.7056, -0.0975]], device='cuda:0', dtype=torch.float64)
Final path point: tensor([[ 0.1938, -0.9385,  1.2696],
        [ 0.1967, -0.9426,  1.2783],
        [ 0.1995, -0.9468,  1.2869]], device='cuda:0', dtype=torch.float64)
Final path point from dumped_values: tensor([[-0.2143, -0.6429,  0.6429],
        [-0.2078, -0.6461,  0.6497],
        [-0.2013, -0.6494,  0.6566],
        [ 0.1938, -0.9385,  1.2696],
        [ 0.1967, -0.9426,  1.2783],
        [ 0.1995, -0.9468,  1.2869]], device='cuda:0', dtype=torch.float64)
Final path point: tensor([[ 0.2333, -0.6403, -1.0771],
        [ 0.2428, -0.6390, -1.0799],
        [ 0.2523, -0.6378, -1.0828]], device='cuda:0', dtype=torch.float64)
Final path point from dumped_values: tensor([[ 0.2143, -0.6429, -1.0714],
        [ 0.2238, -0.6416, -1.0742],
        [ 0.2333, -0.6403, -1.0771],
        [ 0.2333, -0.6403, -1.0771],
        [ 0.2428, -0.6390, -1.0799],
        [ 0.2523, -0.6378, -1.0828]], device='cuda:0', dtype=torch.float64)
Path index found in box indices, continuing
Final path point: tensor([[-0.6944, -0.3149, -0.7675],
        [-0.6850, -0.3165, -0.7704],
        [-0.6755, -0.3180, -0.7733]], device='cuda:0', dtype=torch.float64)
Final path point from dumped_values: tensor([[-1.0714, -0.2143, -0.6429],
        [-1.0624, -0.2173, -0.6460],
        [-1.0534, -0.2202, -0.6491],
        [-0.6944, -0.3149, -0.7675],
        [-0.6850, -0.3165, -0.7704],
        [-0.6755, -0.3180, -0.7733]], device='cuda:0', dtype=torch.float64)
Final path point: tensor([[-0.9651, -0.2614,  0.3090],
        [-0.9581, -0.2646,  0.3154],
        [-0.9512, -0.2678,  0.3219]], device='cuda:0', dtype=torch.float64)
Final path point from dumped_values: tensor([[-1.0714, -0.2143,  0.2143],
        [-1.0642, -0.2174,  0.2204],
        [-1.0570, -0.2205,  0.2266],
        [-0.9651, -0.2614,  0.3090],
        [-0.9581, -0.2646,  0.3154],
        [-0.9512, -0.2678,  0.3219]], device='cuda:0', dtype=torch.float64)
Final path point: tensor([[-0.7741, -0.3599,  1.2018],
        [-0.7700, -0.3621,  1.2107],
        [-0.7659, -0.3644,  1.2195]], device='cuda:0', dtype=torch.float64)
Final path point from dumped_values: tensor([[-1.0714, -0.2143,  0.6429],
        [-1.0664, -0.2167,  0.6512],
        [-1.0614, -0.2191,  0.6595],
        [-0.7741, -0.3599,  1.2018],
        [-0.7700, -0.3621,  1.2107],
        [-0.7659, -0.3644,  1.2195]], device='cuda:0', dtype=torch.float64)
Final path point: tensor([[-0.0562, -0.3744, -0.0510],
        [-0.0469, -0.3766, -0.0480],
        [-0.0376, -0.3788, -0.0451]], device='cuda:0', dtype=torch.float64)
Final path point from dumped_values: tensor([[-0.6429, -0.2143, -0.2143],
        [-0.6335, -0.2172, -0.2122],
        [-0.6242, -0.2201, -0.2101],
        [-0.0562, -0.3744, -0.0510],
        [-0.0469, -0.3766, -0.0480],
        [-0.0376, -0.3788, -0.0451]], device='cuda:0', dtype=torch.float64)
Path index found in box indices, continuing
Path index found in box indices, continuing
Final path point: tensor([[ 0.5099, -0.2993,  0.3337],
        [ 0.5188, -0.3021,  0.3373],
        [ 0.5278, -0.3048,  0.3409]], device='cuda:0', dtype=torch.float64)
Final path point from dumped_values: tensor([[ 0.2143, -0.2143,  0.2143],
        [ 0.2233, -0.2168,  0.2179],
        [ 0.2323, -0.2193,  0.2215],
        [ 0.5099, -0.2993,  0.3337],
        [ 0.5188, -0.3021,  0.3373],
        [ 0.5278, -0.3048,  0.3409]], device='cuda:0', dtype=torch.float64)
Final path point: tensor([[ 0.5447, -0.3768,  0.9497],
        [ 0.5509, -0.3806,  0.9566],
        [ 0.5569, -0.3845,  0.9635]], device='cuda:0', dtype=torch.float64)
Final path point from dumped_values: tensor([[ 0.2143, -0.2143,  0.6429],
        [ 0.2217, -0.2173,  0.6488],
        [ 0.2292, -0.2203,  0.6548],
        [ 0.5447, -0.3768,  0.9497],
        [ 0.5509, -0.3806,  0.9566],
        [ 0.5569, -0.3845,  0.9635]], device='cuda:0', dtype=torch.float64)
Path index found in box indices, continuing
Path index found in box indices, continuing
Path index found in box indices, continuing
Path index found in box indices, continuing
Final path point: tensor([[ 0.1714, -0.0104, -0.0553],
        [ 0.1810, -0.0125, -0.0536],
        [ 0.1907, -0.0146, -0.0519]], device='cuda:0', dtype=torch.float64)
Final path point from dumped_values: tensor([[-0.6429,  0.2143, -0.2143],
        [-0.6335,  0.2112, -0.2125],
        [-0.6242,  0.2081, -0.2108],
        [ 0.1714, -0.0104, -0.0553],
        [ 0.1810, -0.0125, -0.0536],
        [ 0.1907, -0.0146, -0.0519]], device='cuda:0', dtype=torch.float64)
Final path point: tensor([[-0.4240,  0.1407,  0.3726],
        [-0.4163,  0.1381,  0.3784],
        [-0.4086,  0.1356,  0.3843]], device='cuda:0', dtype=torch.float64)
Final path point from dumped_values: tensor([[-0.6429,  0.2143,  0.2143],
        [-0.6349,  0.2116,  0.2198],
        [-0.6270,  0.2090,  0.2253],
        [-0.4240,  0.1407,  0.3726],
        [-0.4163,  0.1381,  0.3784],
        [-0.4086,  0.1356,  0.3843]], device='cuda:0', dtype=torch.float64)
Final path point: tensor([[-0.6744,  0.5028,  0.9051],
        [-0.6700,  0.5016,  0.9140],
        [-0.6656,  0.5004,  0.9229]], device='cuda:0', dtype=torch.float64)
Final path point from dumped_values: tensor([[-1.0714,  0.6429,  0.2143],
        [-1.0663,  0.6402,  0.2225],
        [-1.0612,  0.6377,  0.2307],
        [-0.6744,  0.5028,  0.9051],
        [-0.6700,  0.5016,  0.9140],
        [-0.6656,  0.5004,  0.9229]], device='cuda:0', dtype=torch.float64)
Path index found in box indices, continuing
Path index found in box indices, continuing
Final path point: tensor([[-0.6264,  1.0612, -0.2091],
        [-0.6182,  1.0562, -0.2066],
        [-0.6099,  1.0513, -0.2040]], device='cuda:0', dtype=torch.float64)
Final path point from dumped_values: tensor([[-0.6429,  1.0714, -0.2143],
        [-0.6347,  1.0663, -0.2117],
        [-0.6264,  1.0612, -0.2091],
        [-0.6264,  1.0612, -0.2091],
        [-0.6182,  1.0562, -0.2066],
        [-0.6099,  1.0513, -0.2040]], device='cuda:0', dtype=torch.float64)
Path index found in box indices, continuing
Final path point: tensor([[-0.1263,  1.0557, -0.2036],
        [-0.1165,  1.0541, -0.2026],
        [-0.1067,  1.0526, -0.2015]], device='cuda:0', dtype=torch.float64)
Final path point from dumped_values: tensor([[-0.2143,  1.0714, -0.2143],
        [-0.2046,  1.0695, -0.2130],
        [-0.1948,  1.0676, -0.2118],
        [-0.1263,  1.0557, -0.2036],
        [-0.1165,  1.0541, -0.2026],
        [-0.1067,  1.0526, -0.2015]], device='cuda:0', dtype=torch.float64)
Final path point: tensor([[0.7299, 1.1053, 0.3699],
        [0.7395, 1.1063, 0.3722],
        [0.7492, 1.1073, 0.3744]], device='cuda:0', dtype=torch.float64)
Final path point from dumped_values: tensor([[0.2143, 1.0714, 0.2143],
        [0.2237, 1.0715, 0.2176],
        [0.2332, 1.0717, 0.2208],
        [0.7299, 1.1053, 0.3699],
        [0.7395, 1.1063, 0.3722],
        [0.7492, 1.1073, 0.3744]], device='cuda:0', dtype=torch.float64)
Now have 124 number of dumped streamlines after path filtering.
Number of streamlines filtered: 124
Final box point: tensor([[-0.0629, -1.5034,  0.6037],
        [-0.0574, -1.5074,  0.6111],
        [-0.0520, -1.5114,  0.6185]], device='cuda:0', dtype=torch.float64)
Final box point from dumped_values: tensor([[-1.0714, -1.0714, -0.6429],
        [-1.0676, -1.0690, -0.6340],
        [-1.0634, -1.0668, -0.6251],
        [-0.0629, -1.5034,  0.6037],
        [-0.0574, -1.5074,  0.6111],
        [-0.0520, -1.5114,  0.6185]], device='cuda:0', dtype=torch.float64)
Final box point: tensor([[ 0.4568, -0.6000, -1.5032],
        [ 0.4657, -0.5985, -1.5075],
        [ 0.4746, -0.5969, -1.5119]], device='cuda:0', dtype=torch.float64)
Final box point from dumped_values: tensor([[-0.6429, -1.0714, -1.0714],
        [-0.6377, -1.0629, -1.0716],
        [-0.6324, -1.0544, -1.0718],
        [ 0.4568, -0.6000, -1.5032],
        [ 0.4657, -0.5985, -1.5075],
        [ 0.4746, -0.5969, -1.5119]], device='cuda:0', dtype=torch.float64)
Final box point: tensor([[ 0.2909, -1.5025,  0.7131],
        [ 0.2962, -1.5066,  0.7205],
        [ 0.3015, -1.5107,  0.7279]], device='cuda:0', dtype=torch.float64)
Final box point from dumped_values: tensor([[-0.6429, -1.0714, -0.2143],
        [-0.6357, -1.0732, -0.2075],
        [-0.6286, -1.0751, -0.2007],
        [ 0.2909, -1.5025,  0.7131],
        [ 0.2962, -1.5066,  0.7205],
        [ 0.3015, -1.5107,  0.7279]], device='cuda:0', dtype=torch.float64)
Final box point: tensor([[-0.0520, -1.5028,  1.0418],
        [-0.0487, -1.5066,  1.0505],
        [-0.0456, -1.5104,  1.0591]], device='cuda:0', dtype=torch.float64)
Final box point from dumped_values: tensor([[-0.6429, -1.0714,  0.2143],
        [-0.6366, -1.0754,  0.2210],
        [-0.6304, -1.0793,  0.2278],
        [-0.0520, -1.5028,  1.0418],
        [-0.0487, -1.5066,  1.0505],
        [-0.0456, -1.5104,  1.0591]], device='cuda:0', dtype=torch.float64)
Final box point: tensor([[-0.2471, -1.4594,  1.5027],
        [-0.2470, -1.4630,  1.5121],
        [-0.2471, -1.4665,  1.5214]], device='cuda:0', dtype=torch.float64)
Final box point from dumped_values: tensor([[-0.6429, -1.0714,  0.6429],
        [-0.6371, -1.0754,  0.6500],
        [-0.6314, -1.0793,  0.6572],
        [-0.2471, -1.4594,  1.5027],
        [-0.2470, -1.4630,  1.5121],
        [-0.2471, -1.4665,  1.5214]], device='cuda:0', dtype=torch.float64)
Final box point: tensor([[ 1.0463, -0.8280, -1.5038],
        [ 1.0548, -0.8263, -1.5087],
        [ 1.0633, -0.8246, -1.5137]], device='cuda:0', dtype=torch.float64)
Final box point from dumped_values: tensor([[-0.2143, -1.0714, -1.0714],
        [-0.2054, -1.0669, -1.0723],
        [-0.1965, -1.0625, -1.0733],
        [ 1.0463, -0.8280, -1.5038],
        [ 1.0548, -0.8263, -1.5087],
        [ 1.0633, -0.8246, -1.5137]], device='cuda:0', dtype=torch.float64)
Final box point: tensor([[ 1.5069, -1.1722, -0.6514],
        [ 1.5159, -1.1741, -0.6554],
        [ 1.5248, -1.1760, -0.6595]], device='cuda:0', dtype=torch.float64)
Final box point from dumped_values: tensor([[-0.2143, -1.0714, -0.6429],
        [-0.2050, -1.0692, -0.6397],
        [-0.1958, -1.0671, -0.6366],
        [ 1.5069, -1.1722, -0.6514],
        [ 1.5159, -1.1741, -0.6554],
        [ 1.5248, -1.1760, -0.6595]], device='cuda:0', dtype=torch.float64)
Final box point: tensor([[ 1.0317, -1.5022,  0.4850],
        [ 1.0393, -1.5068,  0.4895],
        [ 1.0470, -1.5114,  0.4940]], device='cuda:0', dtype=torch.float64)
Final box point from dumped_values: tensor([[-0.2143, -1.0714, -0.2143],
        [-0.2058, -1.0725, -0.2091],
        [-0.1973, -1.0736, -0.2040],
        [ 1.0317, -1.5022,  0.4850],
        [ 1.0393, -1.5068,  0.4895],
        [ 1.0470, -1.5114,  0.4940]], device='cuda:0', dtype=torch.float64)
Final box point: tensor([[ 0.4794, -1.5031,  1.0375],
        [ 0.4828, -1.5073,  1.0459],
        [ 0.4862, -1.5114,  1.0543]], device='cuda:0', dtype=torch.float64)
Final box point from dumped_values: tensor([[-0.2143, -1.0714,  0.2143],
        [-0.2070, -1.0744,  0.2205],
        [-0.1998, -1.0775,  0.2267],
        [ 0.4794, -1.5031,  1.0375],
        [ 0.4828, -1.5073,  1.0459],
        [ 0.4862, -1.5114,  1.0543]], device='cuda:0', dtype=torch.float64)
Final box point: tensor([[ 0.1288, -1.4639,  1.5061],
        [ 0.1281, -1.4675,  1.5154],
        [ 0.1273, -1.4711,  1.5247]], device='cuda:0', dtype=torch.float64)
Final box point from dumped_values: tensor([[-0.2143, -1.0714,  0.6429],
        [-0.2084, -1.0751,  0.6501],
        [-0.2025, -1.0787,  0.6573],
        [ 0.1288, -1.4639,  1.5061],
        [ 0.1281, -1.4675,  1.5154],
        [ 0.1273, -1.4711,  1.5247]], device='cuda:0', dtype=torch.float64)
Final box point: tensor([[ 1.3106, -0.9687, -1.5011],
        [ 1.3189, -0.9672, -1.5065],
        [ 1.3272, -0.9657, -1.5119]], device='cuda:0', dtype=torch.float64)
Final box point from dumped_values: tensor([[ 0.2143, -1.0714, -1.0714],
        [ 0.2240, -1.0699, -1.0732],
        [ 0.2337, -1.0684, -1.0750],
        [ 1.3106, -0.9687, -1.5011],
        [ 1.3189, -0.9672, -1.5065],
        [ 1.3272, -0.9657, -1.5119]], device='cuda:0', dtype=torch.float64)
Final box point: tensor([[ 1.5051, -1.1669, -0.8386],
        [ 1.5138, -1.1683, -0.8433],
        [ 1.5225, -1.1697, -0.8479]], device='cuda:0', dtype=torch.float64)
Final box point from dumped_values: tensor([[ 0.2143, -1.0714, -0.6429],
        [ 0.2242, -1.0710, -0.6417],
        [ 0.2341, -1.0706, -0.6406],
        [ 1.5051, -1.1669, -0.8386],
        [ 1.5138, -1.1683, -0.8433],
        [ 1.5225, -1.1697, -0.8479]], device='cuda:0', dtype=torch.float64)
Final box point: tensor([[ 1.5008, -1.4526,  0.0460],
        [ 1.5099, -1.4567,  0.0452],
        [ 1.5190, -1.4608,  0.0444]], device='cuda:0', dtype=torch.float64)
Final box point from dumped_values: tensor([[ 0.2143, -1.0714, -0.2143],
        [ 0.2236, -1.0728, -0.2109],
        [ 0.2329, -1.0742, -0.2075],
        [ 1.5008, -1.4526,  0.0460],
        [ 1.5099, -1.4567,  0.0452],
        [ 1.5190, -1.4608,  0.0444]], device='cuda:0', dtype=torch.float64)
Final box point: tensor([[ 1.0102, -1.5041,  0.8622],
        [ 1.0157, -1.5091,  0.8690],
        [ 1.0211, -1.5140,  0.8758]], device='cuda:0', dtype=torch.float64)
Final box point from dumped_values: tensor([[ 0.2143, -1.0714,  0.2143],
        [ 0.2223, -1.0743,  0.2195],
        [ 0.2304, -1.0771,  0.2247],
        [ 1.0102, -1.5041,  0.8622],
        [ 1.0157, -1.5091,  0.8690],
        [ 1.0211, -1.5140,  0.8758]], device='cuda:0', dtype=torch.float64)
Final box point: tensor([[ 0.5920, -1.4987,  1.5069],
        [ 0.5914, -1.5025,  1.5161],
        [ 0.5907, -1.5062,  1.5253]], device='cuda:0', dtype=torch.float64)
Final box point from dumped_values: tensor([[ 0.2143, -1.0714,  0.6429],
        [ 0.2206, -1.0751,  0.6497],
        [ 0.2269, -1.0787,  0.6566],
        [ 0.5920, -1.4987,  1.5069],
        [ 0.5914, -1.5025,  1.5161],
        [ 0.5907, -1.5062,  1.5253]], device='cuda:0', dtype=torch.float64)
Final box point: tensor([[ 1.4860, -1.5035,  0.5801],
        [ 1.4936, -1.5094,  0.5829],
        [ 1.5011, -1.5153,  0.5857]], device='cuda:0', dtype=torch.float64)
Final box point from dumped_values: tensor([[ 0.6429, -1.0714,  0.2143],
        [ 0.6515, -1.0744,  0.2182],
        [ 0.6602, -1.0775,  0.2222],
        [ 1.4860, -1.5035,  0.5801],
        [ 1.4936, -1.5094,  0.5829],
        [ 1.5011, -1.5153,  0.5857]], device='cuda:0', dtype=torch.float64)
Final box point: tensor([[-0.2583, -1.3086,  1.5024],
        [-0.2577, -1.3124,  1.5116],
        [-0.2572, -1.3163,  1.5208]], device='cuda:0', dtype=torch.float64)
Final box point from dumped_values: tensor([[-1.0714, -0.6429,  0.2143],
        [-1.0652, -0.6478,  0.2203],
        [-1.0590, -0.6528,  0.2264],
        [-0.2583, -1.3086,  1.5024],
        [-0.2577, -1.3124,  1.5116],
        [-0.2572, -1.3163,  1.5208]], device='cuda:0', dtype=torch.float64)
Final box point: tensor([[-0.5595, -0.9682,  1.5075],
        [-0.5567, -0.9718,  1.5164],
        [-0.5539, -0.9755,  1.5253]], device='cuda:0', dtype=torch.float64)
Final box point from dumped_values: tensor([[-1.0714, -0.6429,  0.6429],
        [-1.0663, -0.6466,  0.6506],
        [-1.0611, -0.6503,  0.6583],
        [-0.5595, -0.9682,  1.5075],
        [-0.5567, -0.9718,  1.5164],
        [-0.5539, -0.9755,  1.5253]], device='cuda:0', dtype=torch.float64)
Final box point: tensor([[-0.1816, -1.0196,  1.5054],
        [-0.1803, -1.0238,  1.5144],
        [-0.1791, -1.0280,  1.5234]], device='cuda:0', dtype=torch.float64)
Final box point from dumped_values: tensor([[-0.6429, -0.6429,  0.6429],
        [-0.6368, -0.6462,  0.6501],
        [-0.6308, -0.6496,  0.6573],
        [-0.1816, -1.0196,  1.5054],
        [-0.1803, -1.0238,  1.5144],
        [-0.1791, -1.0280,  1.5234]], device='cuda:0', dtype=torch.float64)
Final box point: tensor([[ 0.8005, -0.4574, -1.5006],
        [ 0.8090, -0.4552, -1.5056],
        [ 0.8174, -0.4530, -1.5105]], device='cuda:0', dtype=torch.float64)
Final box point from dumped_values: tensor([[-0.2143, -0.6429, -1.0714],
        [-0.2050, -0.6405, -1.0744],
        [-0.1958, -0.6382, -1.0773],
        [ 0.8005, -0.4574, -1.5006],
        [ 0.8090, -0.4552, -1.5056],
        [ 0.8174, -0.4530, -1.5105]], device='cuda:0', dtype=torch.float64)
Final box point: tensor([[ 1.5054, -0.5694, -1.1174],
        [ 1.5122, -0.5677, -1.1245],
        [ 1.5190, -0.5659, -1.1317]], device='cuda:0', dtype=torch.float64)
Final box point from dumped_values: tensor([[-0.2143, -0.6429, -0.6429],
        [-0.2043, -0.6424, -0.6425],
        [-0.1943, -0.6419, -0.6422],
        [ 1.5054, -0.5694, -1.1174],
        [ 1.5122, -0.5677, -1.1245],
        [ 1.5190, -0.5659, -1.1317]], device='cuda:0', dtype=torch.float64)
Final box point: tensor([[ 0.8088, -1.3360,  1.5055],
        [ 0.8090, -1.3402,  1.5146],
        [ 0.8092, -1.3444,  1.5236]], device='cuda:0', dtype=torch.float64)
Final box point from dumped_values: tensor([[-0.2143, -0.6429,  0.2143],
        [-0.2062, -0.6457,  0.2195],
        [-0.1982, -0.6486,  0.2247],
        [ 0.8088, -1.3360,  1.5055],
        [ 0.8090, -1.3402,  1.5146],
        [ 0.8092, -1.3444,  1.5236]], device='cuda:0', dtype=torch.float64)
Final box point: tensor([[ 1.5005, -0.5889, -1.1028],
        [ 1.5075, -0.5873, -1.1098],
        [ 1.5144, -0.5857, -1.1169]], device='cuda:0', dtype=torch.float64)
Final box point from dumped_values: tensor([[ 0.2143, -0.6429, -0.6429],
        [ 0.2243, -0.6427, -0.6433],
        [ 0.2343, -0.6426, -0.6438],
        [ 1.5005, -0.5889, -1.1028],
        [ 1.5075, -0.5873, -1.1098],
        [ 1.5144, -0.5857, -1.1169]], device='cuda:0', dtype=torch.float64)
Final box point: tensor([[ 1.5070, -0.8946, -0.1673],
        [ 1.5163, -0.8972, -0.1698],
        [ 1.5256, -0.8998, -0.1724]], device='cuda:0', dtype=torch.float64)
Final box point from dumped_values: tensor([[ 0.2143, -0.6429, -0.2143],
        [ 0.2240, -0.6443, -0.2122],
        [ 0.2337, -0.6457, -0.2102],
        [ 1.5070, -0.8946, -0.1673],
        [ 1.5163, -0.8972, -0.1698],
        [ 1.5256, -0.8998, -0.1724]], device='cuda:0', dtype=torch.float64)
Final box point: tensor([[ 1.5012, -1.4477,  1.2691],
        [ 1.5034, -1.4534,  1.2771],
        [ 1.5056, -1.4589,  1.2851]], device='cuda:0', dtype=torch.float64)
Final box point from dumped_values: tensor([[ 0.2143, -0.6429,  0.2143],
        [ 0.2229, -0.6455,  0.2186],
        [ 0.2315, -0.6481,  0.2230],
        [ 1.5012, -1.4477,  1.2691],
        [ 1.5034, -1.4534,  1.2771],
        [ 1.5056, -1.4589,  1.2851]], device='cuda:0', dtype=torch.float64)
Final box point: tensor([[ 0.7279, -1.0980,  1.5008],
        [ 0.7289, -1.1025,  1.5097],
        [ 0.7298, -1.1069,  1.5186]], device='cuda:0', dtype=torch.float64)
Final box point from dumped_values: tensor([[ 0.2143, -0.6429,  0.6429],
        [ 0.2213, -0.6462,  0.6492],
        [ 0.2282, -0.6495,  0.6556],
        [ 0.7279, -1.0980,  1.5008],
        [ 0.7289, -1.1025,  1.5097],
        [ 0.7298, -1.1069,  1.5186]], device='cuda:0', dtype=torch.float64)
Final box point: tensor([[ 1.2548, -1.1901,  1.5065],
        [ 1.2559, -1.1947,  1.5153],
        [ 1.2570, -1.1993,  1.5241]], device='cuda:0', dtype=torch.float64)
Final box point from dumped_values: tensor([[ 0.6429, -0.6429,  0.6429],
        [ 0.6504, -0.6465,  0.6484],
        [ 0.6578, -0.6501,  0.6540],
        [ 1.2548, -1.1901,  1.5065],
        [ 1.2559, -1.1947,  1.5153],
        [ 1.2570, -1.1993,  1.5241]], device='cuda:0', dtype=torch.float64)
Final box point: tensor([[ 0.4214, -0.8455,  1.5040],
        [ 0.4229, -0.8500,  1.5128],
        [ 0.4244, -0.8545,  1.5217]], device='cuda:0', dtype=torch.float64)
Final box point from dumped_values: tensor([[-0.6429, -0.2143,  0.2143],
        [-0.6349, -0.2173,  0.2196],
        [-0.6270, -0.2203,  0.2249],
        [ 0.4214, -0.8455,  1.5040],
        [ 0.4229, -0.8500,  1.5128],
        [ 0.4244, -0.8545,  1.5217]], device='cuda:0', dtype=torch.float64)
Final box point: tensor([[-0.1406, -0.5388,  1.5087],
        [-0.1381, -0.5428,  1.5175],
        [-0.1357, -0.5468,  1.5263]], device='cuda:0', dtype=torch.float64)
Final box point from dumped_values: tensor([[-0.6429, -0.2143,  0.6429],
        [-0.6367, -0.2170,  0.6503],
        [-0.6305, -0.2196,  0.6577],
        [-0.1406, -0.5388,  1.5087],
        [-0.1381, -0.5428,  1.5175],
        [-0.1357, -0.5468,  1.5263]], device='cuda:0', dtype=torch.float64)
Final box point: tensor([[ 0.6534, -0.0984, -1.5065],
        [ 0.6616, -0.0961, -1.5117],
        [ 0.6698, -0.0938, -1.5168]], device='cuda:0', dtype=torch.float64)
Final box point from dumped_values: tensor([[-0.2143, -0.2143, -1.0714],
        [-0.2051, -0.2140, -1.0755],
        [-0.1960, -0.2138, -1.0795],
        [ 0.6534, -0.0984, -1.5065],
        [ 0.6616, -0.0961, -1.5117],
        [ 0.6698, -0.0938, -1.5168]], device='cuda:0', dtype=torch.float64)
Final box point: tensor([[ 1.5056, -0.5355, -0.1662],
        [ 1.5149, -0.5372, -0.1695],
        [ 1.5242, -0.5389, -0.1727]], device='cuda:0', dtype=torch.float64)
Final box point from dumped_values: tensor([[-0.2143, -0.2143, -0.2143],
        [-0.2047, -0.2165, -0.2125],
        [-0.1951, -0.2187, -0.2108],
        [ 1.5056, -0.5355, -0.1662],
        [ 1.5149, -0.5372, -0.1695],
        [ 1.5242, -0.5389, -0.1727]], device='cuda:0', dtype=torch.float64)
Final box point: tensor([[ 0.3458, -0.6027,  1.5018],
        [ 0.3481, -0.6071,  1.5105],
        [ 0.3502, -0.6115,  1.5192]], device='cuda:0', dtype=torch.float64)
Final box point from dumped_values: tensor([[-0.2143, -0.2143,  0.6429],
        [-0.2074, -0.2171,  0.6495],
        [-0.2005, -0.2199,  0.6562],
        [ 0.3458, -0.6027,  1.5018],
        [ 0.3481, -0.6071,  1.5105],
        [ 0.3502, -0.6115,  1.5192]], device='cuda:0', dtype=torch.float64)
Final box point: tensor([[ 1.5023, -0.0354, -1.3814],
        [ 1.5077, -0.0319, -1.3891],
        [ 1.5129, -0.0283, -1.3968]], device='cuda:0', dtype=torch.float64)
Final box point from dumped_values: tensor([[ 0.2143, -0.2143, -0.6429],
        [ 0.2241, -0.2148, -0.6446],
        [ 0.2339, -0.2153, -0.6464],
        [ 1.5023, -0.0354, -1.3814],
        [ 1.5077, -0.0319, -1.3891],
        [ 1.5129, -0.0283, -1.3968]], device='cuda:0', dtype=torch.float64)
Final box point: tensor([[ 1.5018, -0.3775, -0.3915],
        [ 1.5106, -0.3779, -0.3963],
        [ 1.5193, -0.3783, -0.4011]], device='cuda:0', dtype=torch.float64)
Final box point from dumped_values: tensor([[ 0.2143, -0.2143, -0.2143],
        [ 0.2241, -0.2160, -0.2134],
        [ 0.2339, -0.2176, -0.2125],
        [ 1.5018, -0.3775, -0.3915],
        [ 1.5106, -0.3779, -0.3963],
        [ 1.5193, -0.3783, -0.4011]], device='cuda:0', dtype=torch.float64)
Final box point: tensor([[ 1.5002, -0.0857, -1.2102],
        [ 1.5059, -0.0827, -1.2178],
        [ 1.5115, -0.0797, -1.2255]], device='cuda:0', dtype=torch.float64)
Final box point from dumped_values: tensor([[ 0.6429, -0.2143, -0.6429],
        [ 0.6525, -0.2144, -0.6456],
        [ 0.6621, -0.2145, -0.6485],
        [ 1.5002, -0.0857, -1.2102],
        [ 1.5059, -0.0827, -1.2178],
        [ 1.5115, -0.0797, -1.2255]], device='cuda:0', dtype=torch.float64)
Final box point: tensor([[ 1.4246, -0.8172,  1.5071],
        [ 1.4270, -0.8218,  1.5156],
        [ 1.4293, -0.8264,  1.5242]], device='cuda:0', dtype=torch.float64)
Final box point from dumped_values: tensor([[ 0.6429, -0.2143,  0.6429],
        [ 0.6508, -0.2177,  0.6478],
        [ 0.6588, -0.2211,  0.6528],
        [ 1.4246, -0.8172,  1.5071],
        [ 1.4270, -0.8218,  1.5156],
        [ 1.4293, -0.8264,  1.5242]], device='cuda:0', dtype=torch.float64)
Final box point: tensor([[ 0.5990,  0.1405, -1.5001],
        [ 0.6071,  0.1427, -1.5056],
        [ 0.6151,  0.1449, -1.5111]], device='cuda:0', dtype=torch.float64)
Final box point from dumped_values: tensor([[-1.0714,  0.2143, -0.6429],
        [-1.0623,  0.2129, -0.6467],
        [-1.0532,  0.2115, -0.6506],
        [ 0.5990,  0.1405, -1.5001],
        [ 0.6071,  0.1427, -1.5056],
        [ 0.6151,  0.1449, -1.5111]], device='cuda:0', dtype=torch.float64)
Final box point: tensor([[-0.2003, -0.1452,  1.5027],
        [-0.1972, -0.1484,  1.5116],
        [-0.1942, -0.1516,  1.5206]], device='cuda:0', dtype=torch.float64)
Final box point from dumped_values: tensor([[-1.0714,  0.2143,  0.2143],
        [-1.0643,  0.2129,  0.2211],
        [-1.0571,  0.2115,  0.2280],
        [-0.2003, -0.1452,  1.5027],
        [-0.1972, -0.1484,  1.5116],
        [-0.1942, -0.1516,  1.5206]], device='cuda:0', dtype=torch.float64)
Final box point: tensor([[-0.1451, -0.0194,  1.5083],
        [-0.1420, -0.0224,  1.5173],
        [-0.1389, -0.0255,  1.5263]], device='cuda:0', dtype=torch.float64)
Final box point from dumped_values: tensor([[-0.6429,  0.2143,  0.6429],
        [-0.6369,  0.2123,  0.6506],
        [-0.6309,  0.2102,  0.6584],
        [-0.1451, -0.0194,  1.5083],
        [-0.1420, -0.0224,  1.5173],
        [-0.1389, -0.0255,  1.5263]], device='cuda:0', dtype=torch.float64)
Final box point: tensor([[ 1.2928,  0.3304, -1.5037],
        [ 1.2985,  0.3336, -1.5113],
        [ 1.3041,  0.3369, -1.5189]], device='cuda:0', dtype=torch.float64)
Final box point from dumped_values: tensor([[-0.2143,  0.2143, -0.6429],
        [-0.2047,  0.2123, -0.6451],
        [-0.1952,  0.2104, -0.6474],
        [ 1.2928,  0.3304, -1.5037],
        [ 1.2985,  0.3336, -1.5113],
        [ 1.3041,  0.3369, -1.5189]], device='cuda:0', dtype=torch.float64)
Final box point: tensor([[ 1.5021, -0.0373, -0.4594],
        [ 1.5101, -0.0372, -0.4654],
        [ 1.5181, -0.0370, -0.4714]], device='cuda:0', dtype=torch.float64)
Final box point from dumped_values: tensor([[-0.2143,  0.2143, -0.2143],
        [-0.2047,  0.2116, -0.2132],
        [-0.1951,  0.2090, -0.2120],
        [ 1.5021, -0.0373, -0.4594],
        [ 1.5101, -0.0372, -0.4654],
        [ 1.5181, -0.0370, -0.4714]], device='cuda:0', dtype=torch.float64)
Final box point: tensor([[ 0.3971, -0.1164,  1.5068],
        [ 0.4002, -0.1204,  1.5154],
        [ 0.4033, -0.1244,  1.5241]], device='cuda:0', dtype=torch.float64)
[...]
        [ 1.5105,  0.5300, -0.8366],
        [ 1.5161,  0.5307, -0.8449]], device='cuda:0', dtype=torch.float64)
Final box point: tensor([[1.5082, 0.2950, 0.3244],
        [1.5173, 0.2914, 0.3221],
        [1.5263, 0.2878, 0.3197]], device='cuda:0', dtype=torch.float64)
Final box point from dumped_values: tensor([[0.2143, 0.6429, 0.2143],
        [0.2237, 0.6413, 0.2174],
        [0.2331, 0.6397, 0.2205],
        [1.5082, 0.2950, 0.3244],
        [1.5173, 0.2914, 0.3221],
        [1.5263, 0.2878, 0.3197]], device='cuda:0', dtype=torch.float64)
Final box point: tensor([[0.8921, 0.1319, 1.5023],
        [0.8950, 0.1264, 1.5101],
        [0.8979, 0.1210, 1.5180]], device='cuda:0', dtype=torch.float64)
Final box point from dumped_values: tensor([[0.2143, 0.6429, 0.6429],
        [0.2223, 0.6415, 0.6487],
        [0.2302, 0.6400, 0.6546],
        [0.8921, 0.1319, 1.5023],
        [0.8950, 0.1264, 1.5101],
        [0.8979, 0.1210, 1.5180]], device='cuda:0', dtype=torch.float64)
Final box point: tensor([[ 1.4493,  0.7624, -1.5034],
        [ 1.4537,  0.7646, -1.5121],
        [ 1.4580,  0.7667, -1.5209]], device='cuda:0', dtype=torch.float64)
Final box point from dumped_values: tensor([[ 0.6429,  0.6429, -0.6429],
        [ 0.6518,  0.6427, -0.6473],
        [ 0.6608,  0.6426, -0.6518],
        [ 1.4493,  0.7624, -1.5034],
        [ 1.4537,  0.7646, -1.5121],
        [ 1.4580,  0.7667, -1.5209]], device='cuda:0', dtype=torch.float64)
Final box point: tensor([[ 1.5033,  0.5551, -0.7589],
        [ 1.5091,  0.5554, -0.7670],
        [ 1.5149,  0.5557, -0.7752]], device='cuda:0', dtype=torch.float64)
Final box point from dumped_values: tensor([[ 0.6429,  0.6429, -0.2143],
        [ 0.6526,  0.6418, -0.2161],
        [ 0.6624,  0.6408, -0.2179],
        [ 1.5033,  0.5551, -0.7589],
        [ 1.5091,  0.5554, -0.7670],
        [ 1.5149,  0.5557, -0.7752]], device='cuda:0', dtype=torch.float64)
Final box point: tensor([[1.5052, 0.0547, 0.9127],
        [1.5128, 0.0488, 0.9157],
        [1.5203, 0.0430, 0.9187]], device='cuda:0', dtype=torch.float64)
Final box point from dumped_values: tensor([[0.6429, 0.6429, 0.6429],
        [0.6517, 0.6405, 0.6470],
        [0.6605, 0.6381, 0.6511],
        [1.5052, 0.0547, 0.9127],
        [1.5128, 0.0488, 0.9157],
        [1.5203, 0.0430, 0.9187]], device='cuda:0', dtype=torch.float64)
Final box point: tensor([[ 1.5027, -0.0899,  1.4741],
        [ 1.5075, -0.0951,  1.4812],
        [ 1.5122, -0.1002,  1.4884]], device='cuda:0', dtype=torch.float64)
Final box point from dumped_values: tensor([[ 1.0714,  0.6429,  1.0714],
        [ 1.0722,  0.6329,  1.0705],
        [ 1.0732,  0.6230,  1.0698],
        [ 1.5027, -0.0899,  1.4741],
        [ 1.5075, -0.0951,  1.4812],
        [ 1.5122, -0.1002,  1.4884]], device='cuda:0', dtype=torch.float64)
Final box point: tensor([[-0.4000,  0.6601, -1.5015],
        [-0.3932,  0.6605, -1.5087],
        [-0.3863,  0.6610, -1.5159]], device='cuda:0', dtype=torch.float64)
Final box point from dumped_values: tensor([[-1.0714,  1.0714, -0.6429],
        [-1.0690,  1.0633, -0.6481],
        [-1.0666,  1.0552, -0.6534],
        [-0.4000,  0.6601, -1.5015],
        [-0.3932,  0.6605, -1.5087],
        [-0.3863,  0.6610, -1.5159]], device='cuda:0', dtype=torch.float64)
Final box point: tensor([[-0.7199,  0.9894,  1.5037],
        [-0.7181,  0.9899,  1.5135],
        [-0.7163,  0.9904,  1.5233]], device='cuda:0', dtype=torch.float64)
Final box point from dumped_values: tensor([[-1.0714,  1.0714,  0.2143],
        [-1.0692,  1.0677,  0.2233],
        [-1.0670,  1.0640,  0.2323],
        [-0.7199,  0.9894,  1.5037],
        [-0.7181,  0.9899,  1.5135],
        [-0.7163,  0.9904,  1.5233]], device='cuda:0', dtype=torch.float64)
Final box point: tensor([[ 0.7293,  0.9715, -1.5004],
        [ 0.7364,  0.9731, -1.5072],
        [ 0.7436,  0.9747, -1.5140]], device='cuda:0', dtype=torch.float64)
Final box point from dumped_values: tensor([[-0.6429,  1.0714, -0.6429],
        [-0.6349,  1.0667, -0.6466],
        [-0.6269,  1.0620, -0.6504],
        [ 0.7293,  0.9715, -1.5004],
        [ 0.7364,  0.9731, -1.5072],
        [ 0.7436,  0.9747, -1.5140]], device='cuda:0', dtype=torch.float64)
Final box point: tensor([[0.3011, 1.0306, 1.5021],
        [0.3030, 1.0315, 1.5119],
        [0.3048, 1.0323, 1.5217]], device='cuda:0', dtype=torch.float64)
Final box point from dumped_values: tensor([[-0.6429,  1.0714,  0.2143],
        [-0.6362,  1.0687,  0.2213],
        [-0.6296,  1.0660,  0.2283],
        [ 0.3011,  1.0306,  1.5021],
        [ 0.3030,  1.0315,  1.5119],
        [ 0.3048,  1.0323,  1.5217]], device='cuda:0', dtype=torch.float64)
Final box point: tensor([[ 1.0390,  1.1589, -1.5066],
        [ 1.0451,  1.1600, -1.5145],
        [ 1.0512,  1.1612, -1.5223]], device='cuda:0', dtype=torch.float64)
Final box point from dumped_values: tensor([[-0.2143,  1.0714, -0.6429],
        [-0.2049,  1.0698, -0.6458],
        [-0.1955,  1.0683, -0.6488],
        [ 1.0390,  1.1589, -1.5066],
        [ 1.0451,  1.1600, -1.5145],
        [ 1.0512,  1.1612, -1.5223]], device='cuda:0', dtype=torch.float64)
Final box point: tensor([[1.0521, 1.5045, 0.7515],
        [1.0567, 1.5133, 0.7515],
        [1.0612, 1.5222, 0.7516]], device='cuda:0', dtype=torch.float64)
Final box point from dumped_values: tensor([[-0.2143,  1.0714,  0.2143],
        [-0.2057,  1.0703,  0.2192],
        [-0.1970,  1.0693,  0.2241],
        [ 1.0521,  1.5045,  0.7515],
        [ 1.0567,  1.5133,  0.7515],
        [ 1.0612,  1.5222,  0.7516]], device='cuda:0', dtype=torch.float64)
Final box point: tensor([[0.3157, 1.2011, 1.5062],
        [0.3175, 1.2035, 1.5157],
        [0.3192, 1.2058, 1.5253]], device='cuda:0', dtype=torch.float64)
Final box point from dumped_values: tensor([[-0.2143,  1.0714,  0.6429],
        [-0.2074,  1.0715,  0.6501],
        [-0.2006,  1.0715,  0.6574],
        [ 0.3157,  1.2011,  1.5062],
        [ 0.3175,  1.2035,  1.5157],
        [ 0.3192,  1.2058,  1.5253]], device='cuda:0', dtype=torch.float64)
Final box point: tensor([[ 1.1875,  1.1898, -1.5003],
        [ 1.1930,  1.1908, -1.5086],
        [ 1.1984,  1.1917, -1.5170]], device='cuda:0', dtype=torch.float64)
Final box point from dumped_values: tensor([[ 0.2143,  1.0714, -0.6429],
        [ 0.2237,  1.0715, -0.6462],
        [ 0.2331,  1.0717, -0.6496],
        [ 1.1875,  1.1898, -1.5003],
        [ 1.1930,  1.1908, -1.5086],
        [ 1.1984,  1.1917, -1.5170]], device='cuda:0', dtype=torch.float64)
Final box point: tensor([[ 1.5028,  0.9613, -1.1901],
        [ 1.5069,  0.9622, -1.1992],
        [ 1.5109,  0.9631, -1.2083]], device='cuda:0', dtype=torch.float64)
Final box point from dumped_values: tensor([[ 0.2143,  1.0714, -0.2143],
        [ 0.2243,  1.0712, -0.2144],
        [ 0.2343,  1.0711, -0.2145],
        [ 1.5028,  0.9613, -1.1901],
        [ 1.5069,  0.9622, -1.1992],
        [ 1.5109,  0.9631, -1.2083]], device='cuda:0', dtype=torch.float64)
Final box point: tensor([[0.6087, 1.5037, 1.4137],
        [0.6086, 1.5103, 1.4212],
        [0.6086, 1.5169, 1.4286]], device='cuda:0', dtype=torch.float64)
Final box point from dumped_values: tensor([[0.2143, 1.0714, 0.6429],
        [0.2222, 1.0722, 0.6489],
        [0.2302, 1.0729, 0.6549],
        [0.6087, 1.5037, 1.4137],
        [0.6086, 1.5103, 1.4212],
        [0.6086, 1.5169, 1.4286]], device='cuda:0', dtype=torch.float64)
Final box point: tensor([[ 1.3396,  1.1484, -1.5009],
        [ 1.3443,  1.1493, -1.5097],
        [ 1.3490,  1.1501, -1.5185]], device='cuda:0', dtype=torch.float64)
Final box point from dumped_values: tensor([[ 0.6429,  1.0714, -0.6429],
        [ 0.6514,  1.0719, -0.6481],
        [ 0.6598,  1.0723, -0.6534],
        [ 1.3396,  1.1484, -1.5009],
        [ 1.3443,  1.1493, -1.5097],
        [ 1.3490,  1.1501, -1.5185]], device='cuda:0', dtype=torch.float64)
Final box point: tensor([[ 1.5022,  0.9058, -1.0365],
        [ 1.5067,  0.9063, -1.0454],
        [ 1.5110,  0.9069, -1.0544]], device='cuda:0', dtype=torch.float64)
Final box point from dumped_values: tensor([[ 0.6429,  1.0714, -0.2143],
        [ 0.6526,  1.0714, -0.2164],
        [ 0.6624,  1.0713, -0.2186],
        [ 1.5022,  0.9058, -1.0365],
        [ 1.5067,  0.9063, -1.0454],
        [ 1.5110,  0.9069, -1.0544]], device='cuda:0', dtype=torch.float64)
Final box point: tensor([[1.5142, 1.4100, 0.5500],
        [1.5225, 1.4156, 0.5497],
        [1.5308, 1.4213, 0.5496]], device='cuda:0', dtype=torch.float64)
Final box point from dumped_values: tensor([[1.0714, 1.0714, 1.0714],
        [1.0655, 1.0711, 1.0634],
        [1.0595, 1.0709, 1.0554],
        [1.5142, 1.4100, 0.5500],
        [1.5225, 1.4156, 0.5497],
        [1.5308, 1.4213, 0.5496]], device='cuda:0', dtype=torch.float64)
Now have 200 number of dumped streamlines after box filtering.
Path index found in box indices, continuing
Path index found in box indices, continuing
Path index found in box indices, continuing
Path index found in box indices, continuing
Path index found in box indices, continuing
Final path point: tensor([[ 0.5809, -0.6794, -0.6047],
        [ 0.5908, -0.6797, -0.6059],
        [ 0.6007, -0.6799, -0.6071]], device='cuda:0', dtype=torch.float64)
Final path point from dumped_values: tensor([[-1.0714, -0.6429, -0.6429],
        [-1.0626, -0.6473, -0.6445],
        [-1.0537, -0.6516, -0.6461],
        [ 0.5809, -0.6794, -0.6047],
        [ 0.5908, -0.6797, -0.6059],
        [ 0.6007, -0.6799, -0.6071]], device='cuda:0', dtype=torch.float64)
Path index found in box indices, continuing
Final path point: tensor([[ 0.2821, -0.6849,  0.4073],
        [ 0.2901, -0.6879,  0.4125],
        [ 0.2981, -0.6910,  0.4177]], device='cuda:0', dtype=torch.float64)
Final path point from dumped_values: tensor([[-1.0714, -0.2143, -0.2143],
        [-1.0623, -0.2177, -0.2122],
        [-1.0531, -0.2211, -0.2101],
        [ 0.2821, -0.6849,  0.4073],
        [ 0.2901, -0.6879,  0.4125],
        [ 0.2981, -0.6910,  0.4177]], device='cuda:0', dtype=torch.float64)
Path index found in box indices, continuing
Path index found in box indices, continuing
Path index found in box indices, continuing
Path index found in box indices, continuing
Final path point: tensor([[-0.1119,  0.2357,  0.2092],
        [-0.1032,  0.2332,  0.2132],
        [-0.0944,  0.2307,  0.2172]], device='cuda:0', dtype=torch.float64)
Final path point from dumped_values: tensor([[-1.0714,  0.6429, -0.2143],
        [-1.0640,  0.6370, -0.2109],
        [-1.0566,  0.6313, -0.2075],
        [-0.1119,  0.2357,  0.2092],
        [-0.1032,  0.2332,  0.2132],
        [-0.0944,  0.2307,  0.2172]], device='cuda:0', dtype=torch.float64)
Path index found in box indices, continuing
Path index found in box indices, continuing
Path index found in box indices, continuing
Path index found in box indices, continuing
Final path point: tensor([[-0.0946,  0.4313,  0.6502],
        [-0.0873,  0.4294,  0.6568],
        [-0.0801,  0.4274,  0.6634]], device='cuda:0', dtype=torch.float64)
Final path point from dumped_values: tensor([[-1.0714,  1.0714, -0.2143],
        [-1.0690,  1.0626, -0.2102],
        [-1.0665,  1.0538, -0.2062],
        [-0.0946,  0.4313,  0.6502],
        [-0.0873,  0.4294,  0.6568],
        [-0.0801,  0.4274,  0.6634]], device='cuda:0', dtype=torch.float64)
Path index found in box indices, continuing
Path index found in box indices, continuing
Path index found in box indices, continuing
Path index found in box indices, continuing
Path index found in box indices, continuing
Path index found in box indices, continuing
Now have 204 number of dumped streamlines after path filtering.
Number of streamlines filtered: 80
Final box point: tensor([[ 1.5051, -1.3355, -0.0619],
        [ 1.5143, -1.3392, -0.0633],
        [ 1.5235, -1.3429, -0.0648]], device='cuda:0', dtype=torch.float64)
Final box point from dumped_values: tensor([[-0.6429, -1.0714, -0.6429],
        [-0.6357, -1.0672, -0.6373],
        [-0.6285, -1.0631, -0.6317],
        [ 1.5051, -1.3355, -0.0619],
        [ 1.5143, -1.3392, -0.0633],
        [ 1.5235, -1.3429, -0.0648]], device='cuda:0', dtype=torch.float64)
Final box point: tensor([[ 0.2524, -1.5028,  1.2656],
        [ 0.2537, -1.5066,  1.2748],
        [ 0.2550, -1.5103,  1.2839]], device='cuda:0', dtype=torch.float64)
Final box point from dumped_values: tensor([[-1.0714, -0.6429, -0.2143],
        [-1.0637, -0.6484, -0.2112],
        [-1.0559, -0.6539, -0.2080],
        [ 0.2524, -1.5028,  1.2656],
        [ 0.2537, -1.5066,  1.2748],
        [ 0.2550, -1.5103,  1.2839]], device='cuda:0', dtype=torch.float64)
Final box point: tensor([[ 1.5068, -0.5853, -1.0630],
        [ 1.5137, -0.5839, -1.0700],
        [ 1.5206, -0.5824, -1.0771]], device='cuda:0', dtype=torch.float64)
Final box point from dumped_values: tensor([[-0.6429, -0.6429, -0.6429],
        [-0.6329, -0.6431, -0.6426],
        [-0.6229, -0.6434, -0.6422],
        [ 1.5068, -0.5853, -1.0630],
        [ 1.5137, -0.5839, -1.0700],
        [ 1.5206, -0.5824, -1.0771]], device='cuda:0', dtype=torch.float64)
Final box point: tensor([[ 1.2151, -1.5019,  1.1349],
        [ 1.2186, -1.5071,  1.1426],
        [ 1.2221, -1.5124,  1.1504]], device='cuda:0', dtype=torch.float64)
Final box point from dumped_values: tensor([[-0.6429, -0.6429, -0.2143],
        [-0.6340, -0.6458, -0.2107],
        [-0.6252, -0.6487, -0.2070],
        [ 1.2151, -1.5019,  1.1349],
        [ 1.2186, -1.5071,  1.1426],
        [ 1.2221, -1.5124,  1.1504]], device='cuda:0', dtype=torch.float64)
Final box point: tensor([[ 1.3934, -0.0627, -1.5060],
        [ 1.3992, -0.0589, -1.5132],
        [ 1.4050, -0.0551, -1.5204]], device='cuda:0', dtype=torch.float64)
Final box point from dumped_values: tensor([[-0.6429, -0.2143, -0.6429],
        [-0.6332, -0.2163, -0.6447],
        [-0.6236, -0.2183, -0.6466],
        [ 1.3934, -0.0627, -1.5060],
        [ 1.3992, -0.0589, -1.5132],
        [ 1.4050, -0.0551, -1.5204]], device='cuda:0', dtype=torch.float64)
Final box point: tensor([[ 1.5022e+00, -8.4747e-03, -1.5059e+00],
        [ 1.5073e+00, -4.4862e-03, -1.5135e+00],
        [ 1.5124e+00, -4.6273e-04, -1.5211e+00]], device='cuda:0',
       dtype=torch.float64)
Final box point from dumped_values: tensor([[-2.1429e-01, -2.1429e-01, -6.4286e-01],
        [-2.0445e-01, -2.1541e-01, -6.4425e-01],
        [-1.9461e-01, -2.1650e-01, -6.4565e-01],
        [ 1.5022e+00, -8.4747e-03, -1.5059e+00],
        [ 1.5073e+00, -4.4862e-03, -1.5135e+00],
        [ 1.5124e+00, -4.6273e-04, -1.5211e+00]], device='cuda:0',
       dtype=torch.float64)
Final box point: tensor([[ 1.1073, -0.9796,  1.5047],
        [ 1.1090, -0.9843,  1.5134],
        [ 1.1107, -0.9890,  1.5221]], device='cuda:0', dtype=torch.float64)
Final box point from dumped_values: tensor([[-0.2143, -0.2143,  0.2143],
        [-0.2058, -0.2170,  0.2188],
        [-0.1973, -0.2197,  0.2234],
        [ 1.1073, -0.9796,  1.5047],
        [ 1.1090, -0.9843,  1.5134],
        [ 1.1107, -0.9890,  1.5221]], device='cuda:0', dtype=torch.float64)
Final box point: tensor([[ 1.5002, -0.6515,  0.7182],
        [ 1.5080, -0.6566,  0.7218],
        [ 1.5158, -0.6616,  0.7254]], device='cuda:0', dtype=torch.float64)
Final box point from dumped_values: tensor([[-1.0714,  0.2143, -0.2143],
        [-1.0618,  0.2129, -0.2121],
        [-1.0521,  0.2115, -0.2099],
        [ 1.5002, -0.6515,  0.7182],
        [ 1.5080, -0.6566,  0.7218],
        [ 1.5158, -0.6616,  0.7254]], device='cuda:0', dtype=torch.float64)
Final box point: tensor([[ 1.1040,  0.2386, -1.5016],
        [ 1.1106,  0.2417, -1.5085],
        [ 1.1172,  0.2447, -1.5154]], device='cuda:0', dtype=torch.float64)
Final box point from dumped_values: tensor([[-0.6429,  0.2143, -0.6429],
        [-0.6336,  0.2116, -0.6455],
        [-0.6243,  0.2090, -0.6482],
        [ 1.1040,  0.2386, -1.5016],
        [ 1.1106,  0.2417, -1.5085],
        [ 1.1172,  0.2447, -1.5154]], device='cuda:0', dtype=torch.float64)
Final box point: tensor([[ 1.4017, -0.6490,  1.5055],
        [ 1.4047, -0.6536,  1.5138],
        [ 1.4076, -0.6583,  1.5222]], device='cuda:0', dtype=torch.float64)
Final box point from dumped_values: tensor([[-0.2143,  0.2143,  0.2143],
        [-0.2057,  0.2117,  0.2186],
        [-0.1970,  0.2091,  0.2230],
        [ 1.4017, -0.6490,  1.5055],
        [ 1.4047, -0.6536,  1.5138],
        [ 1.4076, -0.6583,  1.5222]], device='cuda:0', dtype=torch.float64)
Final box point: tensor([[ 1.5009,  0.1419, -0.2583],
        [ 1.5093,  0.1409, -0.2636],
        [ 1.5176,  0.1400, -0.2691]], device='cuda:0', dtype=torch.float64)
Final box point from dumped_values: tensor([[-0.6429,  0.6429, -0.2143],
        [-0.6344,  0.6379, -0.2123],
        [-0.6259,  0.6331, -0.2104],
        [ 1.5009,  0.1419, -0.2583],
        [ 1.5093,  0.1409, -0.2636],
        [ 1.5176,  0.1400, -0.2691]], device='cuda:0', dtype=torch.float64)
Final box point: tensor([[ 1.5058, -0.1932,  1.1859],
        [ 1.5117, -0.1986,  1.1920],
        [ 1.5176, -0.2039,  1.1981]], device='cuda:0', dtype=torch.float64)
Final box point from dumped_values: tensor([[-0.2143,  0.6429,  0.2143],
        [-0.2057,  0.6405,  0.2188],
        [-0.1971,  0.6381,  0.2234],
        [ 1.5058, -0.1932,  1.1859],
        [ 1.5117, -0.1986,  1.1920],
        [ 1.5176, -0.2039,  1.1981]], device='cuda:0', dtype=torch.float64)
Now have 216 number of dumped streamlines after box filtering.
Path index found in box indices, continuing
Path index found in box indices, continuing
Path index found in box indices, continuing
Path index found in box indices, continuing
Path index found in box indices, continuing
Now have 216 number of dumped streamlines after path filtering.
Number of streamlines filtered: 12
Finished streamlines early, breaking!
Checking dumped values (216) vs number of samples (216)
torch.Size([6, 216, 3])
Time taken for 216 calculations with N~(17391, 1): 1.06 seconds
(216, 2)
=============================== warnings summary ===============================
../CPET/utils/calculator.py:3
  /jet/home/ajmera/programs/CPET-python/CPET/utils/calculator.py:3: DeprecationWarning: pkg_resources is deprecated as an API. See https://setuptools.pypa.io/en/latest/pkg_resources.html
    import pkg_resources

../../../.conda/envs/CPET_ENV/lib/python3.11/site-packages/pkg_resources/__init__.py:2871
  /jet/home/ajmera/.conda/envs/CPET_ENV/lib/python3.11/site-packages/pkg_resources/__init__.py:2871: DeprecationWarning: Deprecated call to `pkg_resources.declare_namespace('mpl_toolkits')`.
  Implementing implicit namespace packages (as specified in PEP 420) is preferred to `pkg_resources.declare_namespace`. See https://setuptools.pypa.io/en/latest/references/keywords.html#keyword-namespace-packages
    declare_namespace(pkg)

tests/test_topology.py::Test_topos::test_topo_methods
  /jet/home/ajmera/programs/CPET-python/CPET/source/calculator.py:556: UserWarning: To copy construct from a tensor, it is recommended to use sourceTensor.clone().detach() or sourceTensor.clone().detach().requires_grad_(True), rather than torch.tensor(sourceTensor).
    path_filter = torch.tensor(path_filter, dtype=torch.bool).cuda()

tests/test_topology.py::Test_topos::test_topo_methods
  /jet/home/ajmera/programs/CPET-python/CPET/source/calculator.py:656: UserWarning: Using torch.cross without specifying the dim arg is deprecated.
  Please either pass the dim explicitly or simply use torch.linalg.cross.
  The default value of dim will change to agree with that of linalg.cross in a future release. (Triggered internally at ../aten/src/ATen/native/Cross.cpp:63.)
    distances, curvatures = compute_curv_and_dist_mat_gpu(

-- Docs: https://docs.pytest.org/en/stable/how-to/capture-warnings.html
=========================== short test summary info ============================
FAILED test_topology.py::Test_topos::test_topo_methods - AssertionError: 
======================== 1 failed, 4 warnings in 29.36s ========================
